#-----------------------------------------------------------
# Vivado v2019.1 (64-bit)
# SW Build 2552052 on Fri May 24 14:49:42 MDT 2019
# IP Build 2548770 on Fri May 24 18:01:18 MDT 2019
# Start of session at: Fri Nov 19 13:06:13 2021
# Process ID: 5228
# Current directory: D:/lab_7
# Command line: vivado.exe -gui_launcher_event rodinguilauncherevent4136 D:\lab_7\lab_7.xpr
# Log file: D:/lab_7/vivado.log
# Journal file: D:/lab_7\vivado.jou
#-----------------------------------------------------------
start_gui
open_project D:/lab_7/lab_7.xpr
INFO: [Project 1-313] Project file moved from 'C:/Users/jrschlos/Desktop/lab_7/.Xil/Vivado-6264-104PC18/PrjAr/_X_' since last save.
Scanning sources...
Finished scanning sources
INFO: [IP_Flow 19-234] Refreshing IP repositories
INFO: [IP_Flow 19-1704] No user IP repositories specified
INFO: [IP_Flow 19-2313] Loaded Vivado IP repository 'D:/Xilinx/Vivado/2019.1/data/ip'.
open_project: Time (s): cpu = 00:00:10 ; elapsed = 00:00:15 . Memory (MB): peak = 695.172 ; gain = 102.750
update_compile_order -fileset sources_1
archive_project D:/lab_7.xpr.zip -temp_dir D:/lab_7/.Xil/Vivado-5228-DESKTOP-RQFDO6U -force -include_local_ip_cache
INFO: [Coretcl 2-137] starting archive...
INFO: [Coretcl 2-1499] Saving project copy to temporary location 'D:/lab_7/.Xil/Vivado-5228-DESKTOP-RQFDO6U' for archiving project
Scanning sources...
Finished scanning sources
INFO: [Coretcl 2-1211] Creating project copy for archival...
INFO: [Coretcl 2-1213] Including run results for 'synth_1'
INFO: [Coretcl 2-1213] Including run results for 'impl_1'
INFO: [Coretcl 2-1212] Importing remotely added design sources and verilog include files (if any)...
INFO: [filemgmt 20-334] All file(s) are already imported in fileset: 'constrs_1'
INFO: [filemgmt 20-348] Importing the appropriate files for fileset: 'constrs_1'
INFO: [filemgmt 20-334] All file(s) are already imported in fileset: 'sim_1'
INFO: [filemgmt 20-348] Importing the appropriate files for fileset: 'sim_1'
INFO: [filemgmt 20-348] Importing the appropriate files for fileset: 'sources_1'
INFO: [Coretcl 2-1209] Adding archive summary file to the project...
INFO: [Coretcl 2-1214] Preparing project files for archive...
INFO: [Coretcl 2-1210] Compressing project files and data...
INFO: [Coretcl 2-1215] Project archived (D:/lab_7.xpr.zip)
INFO: [Coretcl 2-1216] To view the archive summary log in GUI, double click on 'Design Sources->Text->archive_project_summary.txt', or open this file from the archived project directory.
