#-----------------------------------------------------------
# Vivado v2019.1 (64-bit)
# SW Build 2552052 on Fri May 24 14:49:42 MDT 2019
# IP Build 2548770 on Fri May 24 18:01:18 MDT 2019
# Start of session at: Fri Nov 19 18:12:06 2021
# Process ID: 12452
# Current directory: D:/lab_7
# Command line: vivado.exe -gui_launcher_event rodinguilauncherevent8976 D:\lab_7\lab_7.xpr
# Log file: D:/lab_7/vivado.log
# Journal file: D:/lab_7\vivado.jou
#-----------------------------------------------------------
start_gui
open_project D:/lab_7/lab_7.xpr
Scanning sources...
Finished scanning sources
INFO: [IP_Flow 19-234] Refreshing IP repositories
INFO: [IP_Flow 19-1704] No user IP repositories specified
INFO: [IP_Flow 19-2313] Loaded Vivado IP repository 'D:/Xilinx/Vivado/2019.1/data/ip'.
open_project: Time (s): cpu = 00:00:10 ; elapsed = 00:00:13 . Memory (MB): peak = 706.348 ; gain = 112.590
update_compile_order -fileset sources_1
