#-----------------------------------------------------------
# Vivado v2019.1 (64-bit)
# SW Build 2552052 on Fri May 24 14:49:42 MDT 2019
# IP Build 2548770 on Fri May 24 18:01:18 MDT 2019
# Start of session at: Mon Nov 29 11:47:04 2021
# Process ID: 20404
# Current directory: D:/lab_7
# Command line: vivado.exe -gui_launcher_event rodinguilauncherevent10044 D:\lab_7\lab_7.xpr
# Log file: D:/lab_7/vivado.log
# Journal file: D:/lab_7\vivado.jou
#-----------------------------------------------------------
start_gui
open_project D:/lab_7/lab_7.xpr
INFO: [Project 1-313] Project file moved from 'C:/Users/jrschlos/Desktop/lab_7/.Xil/Vivado-4444-104PC18/PrjAr/_X_' since last save.
Scanning sources...
Finished scanning sources
INFO: [IP_Flow 19-234] Refreshing IP repositories
INFO: [IP_Flow 19-1704] No user IP repositories specified
INFO: [IP_Flow 19-2313] Loaded Vivado IP repository 'D:/Xilinx/Vivado/2019.1/data/ip'.
open_project: Time (s): cpu = 00:00:10 ; elapsed = 00:00:14 . Memory (MB): peak = 705.355 ; gain = 103.633
update_compile_order -fileset sources_1
exit
INFO: [Common 17-206] Exiting Vivado at Mon Nov 29 12:02:02 2021...
