INFO: [VRFC 10-2263] Analyzing Verilog file "D:/lab_5/lab_5.srcs/sources_1/new/LED_shifter.v" into library xil_defaultlib
INFO: [VRFC 10-311] analyzing module LED_shifter
INFO: [VRFC 10-2263] Analyzing Verilog file "D:/lab_5/lab_5.srcs/sources_1/imports/lab_4/lab_4.srcs/sources_1/new/counter.v" into library xil_defaultlib
INFO: [VRFC 10-311] analyzing module counter
INFO: [VRFC 10-2263] Analyzing Verilog file "D:/lab_5/lab_5.srcs/sources_1/imports/Desktop/lab_4/lab_4.srcs/sources_1/new/edge_detector.v" into library xil_defaultlib
INFO: [VRFC 10-311] analyzing module edge_detector
INFO: [VRFC 10-2263] Analyzing Verilog file "D:/lab_5/lab_5.srcs/sources_1/new/eight_bit_counter.v" into library xil_defaultlib
INFO: [VRFC 10-311] analyzing module eight_bit_counter
INFO: [VRFC 10-2263] Analyzing Verilog file "D:/lab_5/lab_5.srcs/sources_1/imports/lab_4/lab_4.srcs/sources_1/imports/Lab_3/Lab_3.srcs/sources_1/new/hex7seg.v" into library xil_defaultlib
INFO: [VRFC 10-311] analyzing module hex7seg
INFO: [VRFC 10-2263] Analyzing Verilog file "D:/lab_5/lab_5.srcs/sources_1/imports/lab5_clks.v" into library xil_defaultlib
INFO: [VRFC 10-311] analyzing module lab5_clks
INFO: [VRFC 10-311] analyzing module clk_wiz_0
INFO: [VRFC 10-311] analyzing module clkcntrl4
INFO: [VRFC 10-2458] undeclared symbol XLXN_78, assumed default net type wire [D:/lab_5/lab_5.srcs/sources_1/imports/lab5_clks.v:247]
INFO: [VRFC 10-2458] undeclared symbol qsec0, assumed default net type wire [D:/lab_5/lab_5.srcs/sources_1/imports/lab5_clks.v:268]
INFO: [VRFC 10-2458] undeclared symbol qsec2, assumed default net type wire [D:/lab_5/lab_5.srcs/sources_1/imports/lab5_clks.v:269]
INFO: [VRFC 10-2458] undeclared symbol qsec3, assumed default net type wire [D:/lab_5/lab_5.srcs/sources_1/imports/lab5_clks.v:278]
INFO: [VRFC 10-311] analyzing module FTCE_MXILINX_clkcntrl4
INFO: [VRFC 10-311] analyzing module CB4CE_MXILINX_clkcntrl4
INFO: [VRFC 10-2263] Analyzing Verilog file "D:/lab_5/lab_5.srcs/sources_1/imports/Desktop/lab_4/lab_4.srcs/sources_1/imports/Lab_3/Lab_3.srcs/sources_1/new/m8_1.v" into library xil_defaultlib
INFO: [VRFC 10-311] analyzing module m8_1
INFO: [VRFC 10-2263] Analyzing Verilog file "D:/lab_5/lab_5.srcs/sources_1/new/random_number_gen.v" into library xil_defaultlib
INFO: [VRFC 10-311] analyzing module random_number_gen
INFO: [VRFC 10-2263] Analyzing Verilog file "D:/lab_5/lab_5.srcs/sources_1/imports/lab_4/lab_4.srcs/sources_1/new/ring_counter.v" into library xil_defaultlib
INFO: [VRFC 10-311] analyzing module ring_counter
INFO: [VRFC 10-2263] Analyzing Verilog file "D:/lab_5/lab_5.srcs/sources_1/imports/lab_4/lab_4.srcs/sources_1/new/selector.v" into library xil_defaultlib
INFO: [VRFC 10-311] analyzing module selector
INFO: [VRFC 10-2263] Analyzing Verilog file "D:/lab_5/lab_5.srcs/sources_1/new/state_machine.v" into library xil_defaultlib
INFO: [VRFC 10-311] analyzing module state_machine
INFO: [VRFC 10-2263] Analyzing Verilog file "D:/lab_5/lab_5.srcs/sources_1/new/top_level.v" into library xil_defaultlib
INFO: [VRFC 10-311] analyzing module top_level
WARNING: [VRFC 10-3676] redeclaration of ansi port 'led' is not allowed [D:/lab_5/lab_5.srcs/sources_1/new/top_level.v:40]
INFO: [VRFC 10-2263] Analyzing Verilog file "D:/lab_5/lab_5.srcs/sim_1/new/top_level_sim.v" into library xil_defaultlib
INFO: [VRFC 10-311] analyzing module top_level_sim
INFO: [VRFC 10-311] analyzing module show_7segDisplay
