#
# A fatal error has been detected by the Java Runtime Environment:
#
#  EXCEPTION_ACCESS_VIOLATION (0xc0000005) at pc=0x00007ffcf48c1439, pid=5892, tid=3816
#
# JRE version: Java(TM) SE Runtime Environment (9.0+11) (build 9.0.4+11)
# Java VM: Java HotSpot(TM) 64-Bit Server VM (9.0.4+11, mixed mode, tiered, compressed oops, g1 gc, windows-amd64)
# Problematic frame:
# C  0x00007ffcf48c1439
#
# No core dump will be written. Minidumps are not enabled by default on client versions of Windows
#
# If you would like to submit a bug report, please visit:
#   http://bugreport.java.com/bugreport/crash.jsp
# The crash happened outside the Java Virtual Machine in native code.
# See problematic frame for where to report the bug.
#

---------------  S U M M A R Y ------------

Command Line: -Dsun.java2d.pmoffscreen=false -Dsun.java2d.xrender=false -Dsun.java2d.d3d=false -Dsun.awt.nopixfmt=true -Dsun.java2d.dpiaware=true -Dsun.java2d.uiScale.enabled=false -Xverify:none -Dswing.aatext=true -XX:-UsePerfData -Djdk.map.althashing.threshold=512 -XX:StringTableSize=4072 --add-opens=java.base/java.nio=ALL-UNNAMED --add-opens=java.desktop/sun.swing=ALL-UNNAMED --add-opens=java.desktop/javax.swing=ALL-UNNAMED --add-opens=java.desktop/javax.swing.tree=ALL-UNNAMED --add-opens=java.desktop/javax.swing.plaf.basic=ALL-UNNAMED --add-opens=java.desktop/javax.swing.plaf.synth=ALL-UNNAMED --add-opens=java.desktop/com.sun.awt=ALL-UNNAMED -XX:NewSize=60m -XX:MaxNewSize=60m -Xms128m -Xmx3072m -Xss5m 

Host: Intel(R) Core(TM)2 Duo CPU     E8500  @ 3.16GHz, 2 cores, 3G,  Windows 10 , 64 bit Build 19041 (10.0.19041.1151)
Time: Thu Nov 04 11:00:48 2021 Pacific Daylight Time elapsed time: 622 seconds (0d 0h 10m 22s)

---------------  T H R E A D  ---------------

Current thread (0x000002bded719000):  JavaThread "AWT-EventQueue-1" [_thread_in_native, id=3816, stack(0x000000e1cfc00000,0x000000e1d0100000)]

Stack: [0x000000e1cfc00000,0x000000e1d0100000],  sp=0x000000e1d00f4710,  free space=5073k
Native frames: (J=compiled Java code, j=interpreted, Vv=VM code, C=native code)
C  0x00007ffcf48c1439
C  0x00007ffcf48d5107
C  0x00007ffcf48d4e12
C  0x00007ffcf48bac06
C  [librdi_wavedata.dll+0x125e90]
C  [librdi_wavedata.dll+0x148744]
C  [librdi_wavedata.dll+0x1e1cce]
C  [librdi_wavedata.dll+0x1e1bef]
C  [librdi_wavedata.dll+0x20cb0a]
C  [librdi_wavedata.dll+0x20aede]
C  [librdi_wavedata.dll+0x26873b]
C  [librdi_wavedata.dll+0x26a153]
C  [librdi_wavedata.dll+0x242ea0]
C  [librdi_wavedata.dll+0x242f1d]
C  [librdi_wavedata.dll+0x242fc1]
C  [librdi_wavedata.dll+0x2695c4]
C  [librdi_wavedata.dll+0x239546]
C  [librdi_wavedata.dll+0x239315]
C  [librdi_wavedata.dll+0x275c1f]
C  0x000002bddca45c3a

Java frames: (J=compiled Java code, j=interpreted, Vv=VM code)
J 18800  ui.views.waveform.waveformi.WVExecutive_getGraphicsDataSize(J)J (0 bytes) @ 0x000002bddca45ba1 [0x000002bddca45b60+0x0000000000000041]
J 18799 c1 ui.views.waveform.executive.a.gEt()Ljava/io/ByteArrayInputStream; (93 bytes) @ 0x000002bdd5ad1dac [0x000002bdd5ad1cc0+0x00000000000000ec]
j  ui.views.waveform.b.a.gEf()V+7
J 18768 c1 ui.views.waveform.w.cRi()V (38 bytes) @ 0x000002bdd6282d0c [0x000002bdd6282580+0x000000000000078c]
J 18887 c1 ui.views.waveform.c.b.j(Lui/frmwork/b/i;)V (603 bytes) @ 0x000002bdd712464c [0x000002bdd711b4e0+0x000000000000916c]
J 17133 c1 ui.views.waveform.w.a(Lui/frmwork/b/i;)V (17 bytes) @ 0x000002bdd6ec4b94 [0x000002bdd6ec4ac0+0x00000000000000d4]
J 12568 c1 ui.frmwork.b.l.d(Lui/frmwork/b/i;)V (61 bytes) @ 0x000002bdd4c3589c [0x000002bdd4c35040+0x000000000000085c]
J 12525 c1 ui.frmwork.HTclEventBroker.i(JZ)V (471 bytes) @ 0x000002bdd5344aac [0x000002bdd53402c0+0x00000000000047ec]
J 12569 c1 ui.frmwork.HTclEventBroker.fireTclEvent(J)I (113 bytes) @ 0x000002bdd4fe154c [0x000002bdd4fe0d40+0x000000000000080c]
v  ~StubRoutines::call_stub
j  ui.views.waveform.waveformi.WVExecutive_processModelEvent(JJ)V+0
j  ui.views.waveform.executive.a.eE(J)V+5
j  ui.views.waveform.c.b.eD(J)V+8
J 18887 c1 ui.views.waveform.c.b.j(Lui/frmwork/b/i;)V (603 bytes) @ 0x000002bdd7125344 [0x000002bdd711b4e0+0x0000000000009e64]
J 17133 c1 ui.views.waveform.w.a(Lui/frmwork/b/i;)V (17 bytes) @ 0x000002bdd6ec4b94 [0x000002bdd6ec4ac0+0x00000000000000d4]
J 12568 c1 ui.frmwork.b.l.d(Lui/frmwork/b/i;)V (61 bytes) @ 0x000002bdd4c3589c [0x000002bdd4c35040+0x000000000000085c]
J 12525 c1 ui.frmwork.HTclEventBroker.i(JZ)V (471 bytes) @ 0x000002bdd5344aac [0x000002bdd53402c0+0x00000000000047ec]
J 18568 c1 ui.frmwork.HTclEventBroker$$Lambda$205.run()V (12 bytes) @ 0x000002bdd4dd535c [0x000002bdd4dd5280+0x00000000000000dc]
J 17020 c2 java.awt.EventQueue.dispatchEventImpl(Ljava/awt/AWTEvent;Ljava/lang/Object;)V java.desktop@9.0.4 (136 bytes) @ 0x000002bddc7ac148 [0x000002bddc7aba00+0x0000000000000748]
J 15706 c2 java.awt.EventQueue$3.run()Ljava/lang/Object; java.desktop@9.0.4 (5 bytes) @ 0x000002bddc624b2c [0x000002bddc624ac0+0x000000000000006c]
v  ~StubRoutines::call_stub
J 4248  java.security.AccessController.doPrivileged(Ljava/security/PrivilegedAction;Ljava/security/AccessControlContext;)Ljava/lang/Object; java.base@9.0.4 (0 bytes) @ 0x000002bddbdc8cc6 [0x000002bddbdc8c60+0x0000000000000066]
J 14592 c2 ui.frmwork.b.d.dispatchEvent(Ljava/awt/AWTEvent;)V (34 bytes) @ 0x000002bddc46e2e4 [0x000002bddc46df00+0x00000000000003e4]
J 16007 c2 java.awt.EventDispatchThread.pumpOneEventForFilters(I)V java.desktop@9.0.4 (218 bytes) @ 0x000002bddc64d184 [0x000002bddc64cf00+0x0000000000000284]
j  java.awt.EventDispatchThread.pumpEventsForFilter(ILjava/awt/Conditional;Ljava/awt/EventFilter;)V+35 java.desktop@9.0.4
j  java.awt.EventDispatchThread.pumpEventsForFilter(Ljava/awt/Conditional;Ljava/awt/EventFilter;)V+4 java.desktop@9.0.4
j  java.awt.WaitDispatchSupport$2.run()V+59 java.desktop@9.0.4
j  java.awt.WaitDispatchSupport$4.run()Ljava/lang/Void;+4 java.desktop@9.0.4
j  java.awt.WaitDispatchSupport$4.run()Ljava/lang/Object;+1 java.desktop@9.0.4
v  ~StubRoutines::call_stub
J 1090  java.security.AccessController.doPrivileged(Ljava/security/PrivilegedAction;)Ljava/lang/Object; java.base@9.0.4 (0 bytes) @ 0x000002bddbc56ab2 [0x000002bddbc56a60+0x0000000000000052]
j  java.awt.WaitDispatchSupport.enter()Z+260 java.desktop@9.0.4
j  java.awt.Dialog.show()V+225 java.desktop@9.0.4
J 8604 c1 java.awt.Component.setVisible(Z)V java.desktop@9.0.4 (6 bytes) @ 0x000002bdd5ab2ccc [0x000002bdd5ab2ae0+0x00000000000001ec]
j  java.awt.Window.setVisible(Z)V+2 java.desktop@9.0.4
j  java.awt.Dialog.setVisible(Z)V+2 java.desktop@9.0.4
j  ui.b.c.g.setVisible(Z)V+2
j  ui.b.c.by.showDialog()V+64
j  ui.b.c.bF.actionPerformed(Ljava/awt/event/ActionEvent;)V+8
j  ui.b.c.by.cJI()V+396
j  ui.views.c.t.b.a.run()V+60
j  ui.frmwork.a.dWF()Z+66
j  ui.frmwork.V.dYl()V+42
j  ui.bk.actionPerformed(Ljava/awt/event/ActionEvent;)V+25
j  javax.swing.AbstractButton.fireActionPerformed(Ljava/awt/event/ActionEvent;)V+84 java.desktop@9.0.4
j  ui.utils.o.b.B.fireActionPerformed(Ljava/awt/event/ActionEvent;)V+7
j  javax.swing.AbstractButton$Handler.actionPerformed(Ljava/awt/event/ActionEvent;)V+5 java.desktop@9.0.4
j  javax.swing.DefaultButtonModel.fireActionPerformed(Ljava/awt/event/ActionEvent;)V+34 java.desktop@9.0.4
j  javax.swing.DefaultButtonModel.setPressed(Z)V+117 java.desktop@9.0.4
j  javax.swing.plaf.basic.BasicButtonListener.mouseReleased(Ljava/awt/event/MouseEvent;)V+35 java.desktop@9.0.4
j  com.jidesoft.plaf.basic.BasicJideButtonListener.mouseReleased(Ljava/awt/event/MouseEvent;)V+61
J 19981 c1 java.awt.AWTEventMulticaster.mouseReleased(Ljava/awt/event/MouseEvent;)V java.desktop@9.0.4 (27 bytes) @ 0x000002bdd622eb8c [0x000002bdd622e980+0x000000000000020c]
J 19981 c1 java.awt.AWTEventMulticaster.mouseReleased(Ljava/awt/event/MouseEvent;)V java.desktop@9.0.4 (27 bytes) @ 0x000002bdd622eb8c [0x000002bdd622e980+0x000000000000020c]
J 19981 c1 java.awt.AWTEventMulticaster.mouseReleased(Ljava/awt/event/MouseEvent;)V java.desktop@9.0.4 (27 bytes) @ 0x000002bdd622eb8c [0x000002bdd622e980+0x000000000000020c]
J 19981 c1 java.awt.AWTEventMulticaster.mouseReleased(Ljava/awt/event/MouseEvent;)V java.desktop@9.0.4 (27 bytes) @ 0x000002bdd622eb8c [0x000002bdd622e980+0x000000000000020c]
J 15010 c1 java.awt.Component.processMouseEvent(Ljava/awt/event/MouseEvent;)V java.desktop@9.0.4 (100 bytes) @ 0x000002bdd6922c34 [0x000002bdd69228a0+0x0000000000000394]
J 15009 c1 javax.swing.JComponent.processMouseEvent(Ljava/awt/event/MouseEvent;)V java.desktop@9.0.4 (27 bytes) @ 0x000002bdd69223ec [0x000002bdd69221e0+0x000000000000020c]
J 19891 c2 java.awt.Container.processEvent(Ljava/awt/AWTEvent;)V java.desktop@9.0.4 (22 bytes) @ 0x000002bddcc59618 [0x000002bddcc59060+0x00000000000005b8]
J 19660 c2 java.awt.Component.dispatchEventImpl(Ljava/awt/AWTEvent;)V java.desktop@9.0.4 (739 bytes) @ 0x000002bddcbde220 [0x000002bddcbdd340+0x0000000000000ee0]
J 19625 c2 java.awt.Container.dispatchEventImpl(Ljava/awt/AWTEvent;)V java.desktop@9.0.4 (129 bytes) @ 0x000002bddcbc11b8 [0x000002bddcbc1160+0x0000000000000058]
J 17017 c2 java.awt.LightweightDispatcher.retargetMouseEvent(Ljava/awt/Component;ILjava/awt/event/MouseEvent;)V java.desktop@9.0.4 (350 bytes) @ 0x000002bddc7a9d14 [0x000002bddc7a9760+0x00000000000005b4]
J 19592 c2 java.awt.LightweightDispatcher.processMouseEvent(Ljava/awt/event/MouseEvent;)Z java.desktop@9.0.4 (265 bytes) @ 0x000002bddcba1f2c [0x000002bddcba1880+0x00000000000006ac]
J 19550 c2 java.awt.Window.dispatchEventImpl(Ljava/awt/AWTEvent;)V java.desktop@9.0.4 (23 bytes) @ 0x000002bddcb89918 [0x000002bddcb89480+0x0000000000000498]
J 17020 c2 java.awt.EventQueue.dispatchEventImpl(Ljava/awt/AWTEvent;Ljava/lang/Object;)V java.desktop@9.0.4 (136 bytes) @ 0x000002bddc7abf14 [0x000002bddc7aba00+0x0000000000000514]
J 15706 c2 java.awt.EventQueue$3.run()Ljava/lang/Object; java.desktop@9.0.4 (5 bytes) @ 0x000002bddc624b2c [0x000002bddc624ac0+0x000000000000006c]
v  ~StubRoutines::call_stub
J 4248  java.security.AccessController.doPrivileged(Ljava/security/PrivilegedAction;Ljava/security/AccessControlContext;)Ljava/lang/Object; java.base@9.0.4 (0 bytes) @ 0x000002bddbdc8cc6 [0x000002bddbdc8c60+0x0000000000000066]
J 19597 c2 java.awt.EventQueue$4.run()Ljava/lang/Object; java.desktop@9.0.4 (5 bytes) @ 0x000002bddcbaa640 [0x000002bddcbaa3e0+0x0000000000000260]
v  ~StubRoutines::call_stub
J 4248  java.security.AccessController.doPrivileged(Ljava/security/PrivilegedAction;Ljava/security/AccessControlContext;)Ljava/lang/Object; java.base@9.0.4 (0 bytes) @ 0x000002bddbdc8cc6 [0x000002bddbdc8c60+0x0000000000000066]
J 14592 c2 ui.frmwork.b.d.dispatchEvent(Ljava/awt/AWTEvent;)V (34 bytes) @ 0x000002bddc46e528 [0x000002bddc46df00+0x0000000000000628]
J 16007 c2 java.awt.EventDispatchThread.pumpOneEventForFilters(I)V java.desktop@9.0.4 (218 bytes) @ 0x000002bddc64d184 [0x000002bddc64cf00+0x0000000000000284]
j  java.awt.EventDispatchThread.pumpEventsForFilter(ILjava/awt/Conditional;Ljava/awt/EventFilter;)V+35 java.desktop@9.0.4
j  java.awt.EventDispatchThread.pumpEventsForHierarchy(ILjava/awt/Conditional;Ljava/awt/Component;)V+11 java.desktop@9.0.4
j  java.awt.EventDispatchThread.pumpEvents(ILjava/awt/Conditional;)V+4 java.desktop@9.0.4
j  java.awt.EventDispatchThread.pumpEvents(Ljava/awt/Conditional;)V+3 java.desktop@9.0.4
j  java.awt.EventDispatchThread.run()V+9 java.desktop@9.0.4
v  ~StubRoutines::call_stub

siginfo: EXCEPTION_ACCESS_VIOLATION (0xc0000005), reading address 0x0000000000000044


Register to memory mapping:

RIP=0x00007ffcf48c1439 is an unknown value
RAX=0x000002bdf8e43dc0 is an unknown value
RBX=0x000002bded543810 is an unknown value
RCX=0x0000000000000000 is an unknown value
RDX=0x000002bdf8ebce80 is an unknown value
RSP=0x000000e1d00f4710 is pointing into the stack for thread: 0x000002bded719000
RBP=0x000000e1d00f48b0 is pointing into the stack for thread: 0x000002bded719000
RSI=0x0000000000000000 is an unknown value
RDI=0x000000e1d00f4870 is pointing into the stack for thread: 0x000002bded719000
R8 =0x000000e1d00f47b0 is pointing into the stack for thread: 0x000002bded719000
R9 =0x0000000000000018 is an unknown value
R10=0x0000000000000080 is an unknown value
R11=0x20000000000c8006 is an unknown value
R12=0x000002bdfbf19390 is an unknown value
R13=0x0000000000000001 is an unknown value
R14=0x000002bdf8ebce80 is an unknown value
R15=0x000000e1d00f47b0 is pointing into the stack for thread: 0x000002bded719000


Registers:
RAX=0x000002bdf8e43dc0, RBX=0x000002bded543810, RCX=0x0000000000000000, RDX=0x000002bdf8ebce80
RSP=0x000000e1d00f4710, RBP=0x000000e1d00f48b0, RSI=0x0000000000000000, RDI=0x000000e1d00f4870
R8 =0x000000e1d00f47b0, R9 =0x0000000000000018, R10=0x0000000000000080, R11=0x20000000000c8006
R12=0x000002bdfbf19390, R13=0x0000000000000001, R14=0x000002bdf8ebce80, R15=0x000000e1d00f47b0
RIP=0x00007ffcf48c1439, EFLAGS=0x0000000000010202

Top of Stack: (sp=0x000000e1d00f4710)
0x000000e1d00f4710:   000000e1d00f4e40 0000000000000000
0x000000e1d00f4720:   0000000000000000 000002bdfbf19390
0x000000e1d00f4730:   000002bded543810 0000000000000002
0x000000e1d00f4740:   fffffffffffffffe 00007ffd658cfde6
0x000000e1d00f4750:   0000000000000000 00000000000004f8
0x000000e1d00f4760:   000000e1d00f4e40 000000000001d000
0x000000e1d00f4770:   000000e1d00f4870 00007ffcf48d5107
0x000000e1d00f4780:   00000000000004f8 000002bded543810
0x000000e1d00f4790:   000002bdf8e43dc0 000002bded4a4ea8
0x000000e1d00f47a0:   000002bded543810 00007ffcf48d4e12
0x000000e1d00f47b0:   000002bded543810 000002bded4a4e80
0x000000e1d00f47c0:   0000000000000002 000002bded4a4e80
0x000000e1d00f47d0:   000002bded4a4e80 0000000000000000
0x000000e1d00f47e0:   0000000000000000 000002bdfbf19390
0x000000e1d00f47f0:   0000000000000000 000002bded4a5010
0x000000e1d00f4800:   0000000000000001 3ff0000000000000 

Instructions: (pc=0x00007ffcf48c1439)
0x00007ffcf48c1419:   50 48 c7 44 24 30 fe ff ff ff 48 89 5c 24 78 48
0x00007ffcf48c1429:   89 b4 24 80 00 00 00 4d 8b f8 4c 8b f2 48 8b f1
0x00007ffcf48c1439:   83 79 44 00 75 07 33 c0 e9 da 00 00 00 33 db 39
0x00007ffcf48c1449:   59 44 75 04 8b c3 eb 06 48 8b 41 48 8b 00 8b d0 



---------------  P R O C E S S  ---------------

Java Threads: ( => current thread )
  0x000002bdf8885800 JavaThread "Relaunch Simulation" [_thread_blocked, id=8804, stack(0x000000e1d2c00000,0x000000e1d3100000)]
  0x000002bdf8889000 JavaThread "Monitor File Timestamp Swing Worker" [_thread_blocked, id=10680, stack(0x000000e1d4100000,0x000000e1d4600000)]
  0x000002bdf887e000 JavaThread "Timer-4" [_thread_blocked, id=8716, stack(0x000000e1d3c00000,0x000000e1d4100000)]
  0x000002bdf8884800 JavaThread "Image Animator 0" daemon [_thread_blocked, id=448, stack(0x000000e1d4600000,0x000000e1d4b00000)]
  0x000002bdf8880000 JavaThread "SyntheticaAnimation 50" daemon [_thread_blocked, id=2192, stack(0x000000e1d2700000,0x000000e1d2c00000)]
  0x000002bdf8882800 JavaThread "Update Runs Swing Worker" [_thread_blocked, id=10852, stack(0x000000e1d3600000,0x000000e1d3b00000)]
  0x000002bdc917a800 JavaThread "hw_ila_monitor" [_thread_blocked, id=5484, stack(0x000000e1d0600000,0x000000e1d0b00000)]
  0x000002bdc917e000 JavaThread "Refresh Filesets Swing Worker" [_thread_blocked, id=3008, stack(0x000000e1ced00000,0x000000e1cf200000)]
  0x000002bdc917c800 JavaThread "SyntheticaAnimation 70" daemon [_thread_blocked, id=9748, stack(0x000000e1d2200000,0x000000e1d2700000)]
  0x000002bdc917d800 JavaThread "SyntheticaAnimation 25" daemon [_thread_blocked, id=7404, stack(0x000000e1d0b00000,0x000000e1d1000000)]
  0x000002bdc917b000 JavaThread "SyntheticaAnimation 50" daemon [_thread_blocked, id=8668, stack(0x000000e1cde00000,0x000000e1ce300000)]
  0x000002bdc917c000 JavaThread "Monitor HEventQueue" [_thread_blocked, id=10768, stack(0x000000e1d1800000,0x000000e1d1d00000)]
  0x000002bdc917f800 JavaThread "SyntheticaCleanerThread" daemon [_thread_blocked, id=3408, stack(0x000000e1d1000000,0x000000e1d1500000)]
  0x000002bdc9181000 JavaThread "Batik CleanerThread" daemon [_thread_blocked, id=848, stack(0x000000e1d0100000,0x000000e1d0600000)]
=>0x000002bded719000 JavaThread "AWT-EventQueue-1" [_thread_in_native, id=3816, stack(0x000000e1cfc00000,0x000000e1d0100000)]
  0x000002bdec125000 JavaThread "AWT-Shutdown" [_thread_blocked, id=11024, stack(0x000000e1cf700000,0x000000e1cfc00000)]
  0x000002bded3be000 JavaThread "Process Messages" [_thread_blocked, id=3568, stack(0x000000e1cf200000,0x000000e1cf700000)]
  0x000002bdec124800 JavaThread "Thread-1" [_thread_in_native, id=9476, stack(0x000000e1c9300000,0x000000e1ca700000)]
  0x000002bdec668800 JavaThread "TimerQueue" daemon [_thread_blocked, id=8496, stack(0x000000e1ce800000,0x000000e1ced00000)]
  0x000002bdebde7800 JavaThread "AWT-Windows" daemon [_thread_in_native, id=368, stack(0x000000e1ce300000,0x000000e1ce800000)]
  0x000002bdc85dd800 JavaThread "Java2D Disposer" daemon [_thread_blocked, id=6820, stack(0x000000e1cd900000,0x000000e1cde00000)]
  0x000002bdc9e7d000 JavaThread "Service Thread" daemon [_thread_blocked, id=11256, stack(0x000000e1cd300000,0x000000e1cd800000)]
  0x000002bdcad53000 JavaThread "Common-Cleaner" daemon [_thread_blocked, id=1088, stack(0x000000e1cce00000,0x000000e1cd300000)]
  0x000002bdc9180800 JavaThread "Sweeper thread" daemon [_thread_blocked, id=10252, stack(0x000000e1cc900000,0x000000e1cce00000)]
  0x000002bdca3b6800 JavaThread "C1 CompilerThread1" daemon [_thread_blocked, id=1608, stack(0x000000e1cc800000,0x000000e1cc900000)]
  0x000002bdcd5be000 JavaThread "C2 CompilerThread0" daemon [_thread_blocked, id=6092, stack(0x000000e1cc700000,0x000000e1cc800000)]
  0x000002bdcd5bd800 JavaThread "Attach Listener" daemon [_thread_blocked, id=6560, stack(0x000000e1cc200000,0x000000e1cc700000)]
  0x000002bdc9ea9000 JavaThread "Signal Dispatcher" daemon [_thread_blocked, id=3972, stack(0x000000e1cbd00000,0x000000e1cc200000)]
  0x000002bdcad75000 JavaThread "Finalizer" daemon [_thread_blocked, id=2436, stack(0x000000e1cb800000,0x000000e1cbd00000)]
  0x000002bdcad74800 JavaThread "Reference Handler" daemon [_thread_blocked, id=10724, stack(0x000000e1cb300000,0x000000e1cb800000)]
  0x000002bdcca25000 JavaThread "main" [_thread_blocked, id=3908, stack(0x000000e1c9200000,0x000000e1c9300000)]

Other Threads:
  0x000002bdc94ca800 VMThread "VM Thread" [stack: 0x000000e1cb200000,0x000000e1cb300000] [id=3712]
  0x000002bdcadda800 WatcherThread [stack: 0x000000e1cd800000,0x000000e1cd900000] [id=9896]
  0x000002bdc8fdb000 GCTaskThread "GC Thread#0" [stack: 0x000000e1cab00000,0x000000e1cac00000] [id=7576]
  0x000002bdc8fdd000 GCTaskThread "GC Thread#1" [stack: 0x000000e1cac00000,0x000000e1cad00000] [id=9420]
  0x000002bdcd40f800 ConcurrentGCThread "G1 Main Marker" [stack: 0x000000e1cb000000,0x000000e1cb100000] [id=8968]
  0x000002bdc8fdc000 ConcurrentGCThread "G1 Marker#0" [stack: 0x000000e1cb100000,0x000000e1cb200000] [id=7736]
  0x000002bdc9b7d800 ConcurrentGCThread "G1 Refine#0" [stack: 0x000000e1cae00000,0x000000e1caf00000] [id=10632]
  0x000002bdc9d9a800 ConcurrentGCThread "G1 Refine#1" [stack: 0x000000e1cad00000,0x000000e1cae00000] [id=7600]
  0x000002bdc9b7e000 ConcurrentGCThread "G1 Young RemSet Sampling" [stack: 0x000000e1caf00000,0x000000e1cb000000] [id=7156]

Threads with active compile tasks:

VM state:not at safepoint (normal execution)

VM Mutex/Monitor currently owned by a thread: None

Heap address: 0x0000000700000000, size: 3072 MB, Compressed Oops mode: Zero based, Oop shift amount: 3
Narrow klass base: 0x0000000000000000, Narrow klass shift: 3
Compressed class space size: 1073741824 Address: 0x00000007c0000000

Heap:
 garbage-first heap   total 216064K, used 100944K [0x0000000700000000, 0x0000000700100698, 0x00000007c0000000)
  region size 1024K, 35 young (35840K), 0 survivors (0K)
 Metaspace       used 84316K, capacity 90281K, committed 90572K, reserved 1128448K
  class space    used 11385K, capacity 12411K, committed 12492K, reserved 1048576K
Heap Regions: E=young(eden), S=young(survivor), O=old, HS=humongous(starts), HC=humongous(continues), CS=collection set, F=free, A=archive, TS=gc time stamp, AC=allocation context, TAMS=top-at-mark-start (previous, next)
|   0|0x0000000700000000, 0x00000007000f1050, 0x0000000700100000| 94%| O|  |TS  0|AC  0|TAMS 0x0000000700000000, 0x0000000700000000|
|   1|0x0000000700100000, 0x0000000700200000, 0x0000000700200000|100%|HS|  |TS  0|AC  0|TAMS 0x0000000700100000, 0x0000000700100000|
|   2|0x0000000700200000, 0x0000000700300000, 0x0000000700300000|100%|HC|  |TS  0|AC  0|TAMS 0x0000000700200000, 0x0000000700200000|
|   3|0x0000000700300000, 0x0000000700400000, 0x0000000700400000|100%|HS|  |TS  0|AC  0|TAMS 0x0000000700300000, 0x0000000700300000|
|   4|0x0000000700400000, 0x00000007004f2ab8, 0x0000000700500000| 94%| O|  |TS  0|AC  0|TAMS 0x0000000700400000, 0x0000000700400000|
|   5|0x0000000700500000, 0x00000007005f2598, 0x0000000700600000| 94%| O|  |TS  0|AC  0|TAMS 0x0000000700500000, 0x0000000700500000|
|   6|0x0000000700600000, 0x00000007006f9b90, 0x0000000700700000| 97%| O|  |TS  0|AC  0|TAMS 0x0000000700600000, 0x0000000700600000|
|   7|0x0000000700700000, 0x0000000700800000, 0x0000000700800000|100%| O|  |TS  0|AC  0|TAMS 0x0000000700700000, 0x0000000700700000|
|   8|0x0000000700800000, 0x0000000700900000, 0x0000000700900000|100%| O|  |TS  0|AC  0|TAMS 0x0000000700800000, 0x0000000700800000|
|   9|0x0000000700900000, 0x00000007009ffff8, 0x0000000700a00000| 99%| O|  |TS  0|AC  0|TAMS 0x0000000700900000, 0x0000000700900000|
|  10|0x0000000700a00000, 0x0000000700afffd8, 0x0000000700b00000| 99%| O|  |TS  0|AC  0|TAMS 0x0000000700a00000, 0x0000000700a00000|
|  11|0x0000000700b00000, 0x0000000700bfd640, 0x0000000700c00000| 98%| O|  |TS  0|AC  0|TAMS 0x0000000700b00000, 0x0000000700b00000|
|  12|0x0000000700c00000, 0x0000000700cfed20, 0x0000000700d00000| 99%| O|  |TS  0|AC  0|TAMS 0x0000000700c00000, 0x0000000700c00000|
|  13|0x0000000700d00000, 0x0000000700df7b78, 0x0000000700e00000| 96%| O|  |TS  0|AC  0|TAMS 0x0000000700d00000, 0x0000000700d00000|
|  14|0x0000000700e00000, 0x0000000700efffc8, 0x0000000700f00000| 99%| O|  |TS  0|AC  0|TAMS 0x0000000700e00000, 0x0000000700e00000|
|  15|0x0000000700f00000, 0x0000000700fffcc8, 0x0000000701000000| 99%| O|  |TS  0|AC  0|TAMS 0x0000000700f00000, 0x0000000700f00000|
|  16|0x0000000701000000, 0x00000007010ffff8, 0x0000000701100000| 99%| O|  |TS  0|AC  0|TAMS 0x0000000701000000, 0x0000000701000000|
|  17|0x0000000701100000, 0x00000007011ffff0, 0x0000000701200000| 99%| O|  |TS  0|AC  0|TAMS 0x0000000701100000, 0x0000000701100000|
|  18|0x0000000701200000, 0x00000007012fffd0, 0x0000000701300000| 99%| O|  |TS  0|AC  0|TAMS 0x0000000701200000, 0x0000000701200000|
|  19|0x0000000701300000, 0x00000007013fff78, 0x0000000701400000| 99%| O|  |TS  0|AC  0|TAMS 0x0000000701300000, 0x0000000701300000|
|  20|0x0000000701400000, 0x00000007014fa8c8, 0x0000000701500000| 97%| O|  |TS  0|AC  0|TAMS 0x0000000701400000, 0x0000000701400000|
|  21|0x0000000701500000, 0x00000007015fffc8, 0x0000000701600000| 99%| O|  |TS  0|AC  0|TAMS 0x0000000701500000, 0x0000000701500000|
|  22|0x0000000701600000, 0x00000007016fffe0, 0x0000000701700000| 99%| O|  |TS  0|AC  0|TAMS 0x0000000701600000, 0x0000000701600000|
|  23|0x0000000701700000, 0x00000007017ffff8, 0x0000000701800000| 99%| O|  |TS  0|AC  0|TAMS 0x0000000701700000, 0x0000000701700000|
|  24|0x0000000701800000, 0x00000007018ffff8, 0x0000000701900000| 99%| O|  |TS  0|AC  0|TAMS 0x0000000701800000, 0x0000000701800000|
|  25|0x0000000701900000, 0x00000007019ffff0, 0x0000000701a00000| 99%| O|  |TS  0|AC  0|TAMS 0x0000000701900000, 0x0000000701900000|
|  26|0x0000000701a00000, 0x0000000701affff0, 0x0000000701b00000| 99%| O|  |TS  0|AC  0|TAMS 0x0000000701a00000, 0x0000000701a00000|
|  27|0x0000000701b00000, 0x0000000701bffe58, 0x0000000701c00000| 99%| O|  |TS  0|AC  0|TAMS 0x0000000701b00000, 0x0000000701b00000|
|  28|0x0000000701c00000, 0x0000000701cfffe0, 0x0000000701d00000| 99%| O|  |TS  0|AC  0|TAMS 0x0000000701c00000, 0x0000000701c00000|
|  29|0x0000000701d00000, 0x0000000701e00000, 0x0000000701e00000|100%| O|  |TS  0|AC  0|TAMS 0x0000000701d00000, 0x0000000701d00000|
|  30|0x0000000701e00000, 0x0000000701effff0, 0x0000000701f00000| 99%| O|  |TS  0|AC  0|TAMS 0x0000000701e00000, 0x0000000701e00000|
|  31|0x0000000701f00000, 0x0000000701ffffe8, 0x0000000702000000| 99%| O|  |TS  0|AC  0|TAMS 0x0000000701f00000, 0x0000000701f00000|
|  32|0x0000000702000000, 0x0000000702100000, 0x0000000702100000|100%| O|  |TS  0|AC  0|TAMS 0x0000000702000000, 0x0000000702000000|
|  33|0x0000000702100000, 0x00000007021ff9d0, 0x0000000702200000| 99%| O|  |TS  0|AC  0|TAMS 0x0000000702100000, 0x0000000702100000|
|  34|0x0000000702200000, 0x0000000702300000, 0x0000000702300000|100%| O|  |TS  0|AC  0|TAMS 0x0000000702200000, 0x0000000702200000|
|  35|0x0000000702300000, 0x00000007023f4e00, 0x0000000702400000| 95%| O|  |TS  0|AC  0|TAMS 0x0000000702300000, 0x0000000702300000|
|  36|0x0000000702400000, 0x00000007024ff2c8, 0x0000000702500000| 99%| O|  |TS  0|AC  0|TAMS 0x0000000702400000, 0x0000000702400000|
|  37|0x0000000702500000, 0x0000000702600000, 0x0000000702600000|100%| O|  |TS  0|AC  0|TAMS 0x0000000702500000, 0x0000000702500000|
|  38|0x0000000702600000, 0x00000007026fffe8, 0x0000000702700000| 99%| O|  |TS  0|AC  0|TAMS 0x0000000702600000, 0x0000000702600000|
|  39|0x0000000702700000, 0x00000007027fffa0, 0x0000000702800000| 99%| O|  |TS  0|AC  0|TAMS 0x0000000702700000, 0x0000000702700000|
|  40|0x0000000702800000, 0x0000000702900000, 0x0000000702900000|100%| O|  |TS  0|AC  0|TAMS 0x0000000702800000, 0x0000000702800000|
|  41|0x0000000702900000, 0x00000007029fff98, 0x0000000702a00000| 99%| O|  |TS  0|AC  0|TAMS 0x0000000702900000, 0x0000000702900000|
|  42|0x0000000702a00000, 0x0000000702b00000, 0x0000000702b00000|100%| O|  |TS  0|AC  0|TAMS 0x0000000702a00000, 0x0000000702a00000|
|  43|0x0000000702b00000, 0x0000000702bff568, 0x0000000702c00000| 99%| O|  |TS  0|AC  0|TAMS 0x0000000702b00000, 0x0000000702b00000|
|  44|0x0000000702c00000, 0x0000000702d00000, 0x0000000702d00000|100%|HS|  |TS  0|AC  0|TAMS 0x0000000702c00000, 0x0000000702c00000|
|  45|0x0000000702d00000, 0x0000000702e00000, 0x0000000702e00000|100%|HC|  |TS  0|AC  0|TAMS 0x0000000702d00000, 0x0000000702d00000|
|  46|0x0000000702e00000, 0x0000000702f00000, 0x0000000702f00000|100%|HC|  |TS  0|AC  0|TAMS 0x0000000702e00000, 0x0000000702e00000|
|  47|0x0000000702f00000, 0x0000000703000000, 0x0000000703000000|100%|HC|  |TS  0|AC  0|TAMS 0x0000000702f00000, 0x0000000702f00000|
|  48|0x0000000703000000, 0x0000000703100000, 0x0000000703100000|100%|HC|  |TS  0|AC  0|TAMS 0x0000000703000000, 0x0000000703000000|
|  49|0x0000000703100000, 0x0000000703200000, 0x0000000703200000|100%|HC|  |TS  0|AC  0|TAMS 0x0000000703100000, 0x0000000703100000|
|  50|0x0000000703200000, 0x0000000703300000, 0x0000000703300000|100%|HC|  |TS  0|AC  0|TAMS 0x0000000703200000, 0x0000000703200000|
|  51|0x0000000703300000, 0x0000000703400000, 0x0000000703400000|100%|HC|  |TS  0|AC  0|TAMS 0x0000000703300000, 0x0000000703300000|
|  52|0x0000000703400000, 0x00000007034fe150, 0x0000000703500000| 99%| O|  |TS  0|AC  0|TAMS 0x0000000703400000, 0x0000000703400000|
|  53|0x0000000703500000, 0x00000007035ffff8, 0x0000000703600000| 99%| O|  |TS  0|AC  0|TAMS 0x0000000703500000, 0x0000000703500000|
|  54|0x0000000703600000, 0x00000007036fff28, 0x0000000703700000| 99%| O|  |TS  0|AC  0|TAMS 0x0000000703600000, 0x0000000703600000|
|  55|0x0000000703700000, 0x00000007037fffb0, 0x0000000703800000| 99%| O|  |TS  0|AC  0|TAMS 0x0000000703700000, 0x0000000703700000|
|  56|0x0000000703800000, 0x00000007038fffc8, 0x0000000703900000| 99%| O|  |TS  0|AC  0|TAMS 0x0000000703800000, 0x0000000703800000|
|  57|0x0000000703900000, 0x00000007039fffd8, 0x0000000703a00000| 99%| O|  |TS  0|AC  0|TAMS 0x0000000703900000, 0x0000000703900000|
|  58|0x0000000703a00000, 0x0000000703aff068, 0x0000000703b00000| 99%| O|  |TS  0|AC  0|TAMS 0x0000000703a00000, 0x0000000703a00000|
|  59|0x0000000703b00000, 0x0000000703bffff0, 0x0000000703c00000| 99%| O|  |TS  0|AC  0|TAMS 0x0000000703b00000, 0x0000000703b00000|
|  60|0x0000000703c00000, 0x0000000703cfff98, 0x0000000703d00000| 99%| O|  |TS  0|AC  0|TAMS 0x0000000703c00000, 0x0000000703c00000|
|  61|0x0000000703d00000, 0x0000000703e00000, 0x0000000703e00000|100%| O|  |TS  0|AC  0|TAMS 0x0000000703d00000, 0x0000000703d00000|
|  62|0x0000000703e00000, 0x0000000703ee6808, 0x0000000703f00000| 90%| O|  |TS  0|AC  0|TAMS 0x0000000703e00000, 0x0000000703e00000|
|  63|0x0000000703f00000, 0x0000000703f00000, 0x0000000704000000|  0%| F|  |TS  0|AC  0|TAMS 0x0000000703f00000, 0x0000000703f00000|
|  64|0x0000000704000000, 0x0000000704000000, 0x0000000704100000|  0%| F|  |TS  0|AC  0|TAMS 0x0000000704000000, 0x0000000704000000|
|  65|0x0000000704100000, 0x0000000704100000, 0x0000000704200000|  0%| F|  |TS  0|AC  0|TAMS 0x0000000704100000, 0x0000000704100000|
|  66|0x0000000704200000, 0x0000000704200000, 0x0000000704300000|  0%| F|  |TS  0|AC  0|TAMS 0x0000000704200000, 0x0000000704200000|
|  67|0x0000000704300000, 0x0000000704400000, 0x0000000704400000|100%|HS|  |TS  0|AC  0|TAMS 0x0000000704300000, 0x0000000704300000|
|  68|0x0000000704400000, 0x0000000704500000, 0x0000000704500000|100%|HC|  |TS  0|AC  0|TAMS 0x0000000704400000, 0x0000000704400000|
|  69|0x0000000704500000, 0x0000000704500000, 0x0000000704600000|  0%| F|  |TS  0|AC  0|TAMS 0x0000000704500000, 0x0000000704500000|
|  70|0x0000000704600000, 0x0000000704600000, 0x0000000704700000|  0%| F|  |TS  0|AC  0|TAMS 0x0000000704600000, 0x0000000704600000|
|  71|0x0000000704700000, 0x0000000704700000, 0x0000000704800000|  0%| F|  |TS  0|AC  0|TAMS 0x0000000704700000, 0x0000000704700000|
|  72|0x0000000704800000, 0x0000000704800000, 0x0000000704900000|  0%| F|  |TS  0|AC  0|TAMS 0x0000000704800000, 0x0000000704800000|
|  73|0x0000000704900000, 0x0000000704900000, 0x0000000704a00000|  0%| F|  |TS  0|AC  0|TAMS 0x0000000704900000, 0x0000000704900000|
|  74|0x0000000704a00000, 0x0000000704a00000, 0x0000000704b00000|  0%| F|  |TS  0|AC  0|TAMS 0x0000000704a00000, 0x0000000704a00000|
|  75|0x0000000704b00000, 0x0000000704b00000, 0x0000000704c00000|  0%| F|  |TS  0|AC  0|TAMS 0x0000000704b00000, 0x0000000704b00000|
|  76|0x0000000704c00000, 0x0000000704c00000, 0x0000000704d00000|  0%| F|  |TS  0|AC  0|TAMS 0x0000000704c00000, 0x0000000704c00000|
|  77|0x0000000704d00000, 0x0000000704d00000, 0x0000000704e00000|  0%| F|  |TS  0|AC  0|TAMS 0x0000000704d00000, 0x0000000704d00000|
|  78|0x0000000704e00000, 0x0000000704e00000, 0x0000000704f00000|  0%| F|  |TS  0|AC  0|TAMS 0x0000000704e00000, 0x0000000704e00000|
|  79|0x0000000704f00000, 0x0000000704f00000, 0x0000000705000000|  0%| F|  |TS  0|AC  0|TAMS 0x0000000704f00000, 0x0000000704f00000|
|  80|0x0000000705000000, 0x0000000705000000, 0x0000000705100000|  0%| F|  |TS  0|AC  0|TAMS 0x0000000705000000, 0x0000000705000000|
|  81|0x0000000705100000, 0x0000000705100000, 0x0000000705200000|  0%| F|  |TS  0|AC  0|TAMS 0x0000000705100000, 0x0000000705100000|
|  82|0x0000000705200000, 0x0000000705200000, 0x0000000705300000|  0%| F|  |TS  0|AC  0|TAMS 0x0000000705200000, 0x0000000705200000|
|  83|0x0000000705300000, 0x0000000705300000, 0x0000000705400000|  0%| F|  |TS  0|AC  0|TAMS 0x0000000705300000, 0x0000000705300000|
|  84|0x0000000705400000, 0x0000000705400000, 0x0000000705500000|  0%| F|  |TS  0|AC  0|TAMS 0x0000000705400000, 0x0000000705400000|
|  85|0x0000000705500000, 0x0000000705500000, 0x0000000705600000|  0%| F|  |TS  0|AC  0|TAMS 0x0000000705500000, 0x0000000705500000|
|  86|0x0000000705600000, 0x0000000705600000, 0x0000000705700000|  0%| F|  |TS  0|AC  0|TAMS 0x0000000705600000, 0x0000000705600000|
|  87|0x0000000705700000, 0x0000000705700000, 0x0000000705800000|  0%| F|  |TS  0|AC  0|TAMS 0x0000000705700000, 0x0000000705700000|
|  88|0x0000000705800000, 0x0000000705800000, 0x0000000705900000|  0%| F|  |TS  0|AC  0|TAMS 0x0000000705800000, 0x0000000705800000|
|  89|0x0000000705900000, 0x0000000705900000, 0x0000000705a00000|  0%| F|  |TS  0|AC  0|TAMS 0x0000000705900000, 0x0000000705900000|
|  90|0x0000000705a00000, 0x0000000705a00000, 0x0000000705b00000|  0%| F|  |TS  0|AC  0|TAMS 0x0000000705a00000, 0x0000000705a00000|
|  91|0x0000000705b00000, 0x0000000705b00000, 0x0000000705c00000|  0%| F|  |TS  0|AC  0|TAMS 0x0000000705b00000, 0x0000000705b00000|
|  92|0x0000000705c00000, 0x0000000705c00000, 0x0000000705d00000|  0%| F|  |TS  0|AC  0|TAMS 0x0000000705c00000, 0x0000000705c00000|
|  93|0x0000000705d00000, 0x0000000705d00000, 0x0000000705e00000|  0%| F|  |TS  0|AC  0|TAMS 0x0000000705d00000, 0x0000000705d00000|
|  94|0x0000000705e00000, 0x0000000705e00000, 0x0000000705f00000|  0%| F|  |TS  0|AC  0|TAMS 0x0000000705e00000, 0x0000000705e00000|
|  95|0x0000000705f00000, 0x0000000705f00000, 0x0000000706000000|  0%| F|  |TS  0|AC  0|TAMS 0x0000000705f00000, 0x0000000705f00000|
|  96|0x0000000706000000, 0x0000000706000000, 0x0000000706100000|  0%| F|  |TS  0|AC  0|TAMS 0x0000000706000000, 0x0000000706000000|
|  97|0x0000000706100000, 0x0000000706100000, 0x0000000706200000|  0%| F|  |TS  0|AC  0|TAMS 0x0000000706100000, 0x0000000706100000|
|  98|0x0000000706200000, 0x0000000706200000, 0x0000000706300000|  0%| F|  |TS  0|AC  0|TAMS 0x0000000706200000, 0x0000000706200000|
|  99|0x0000000706300000, 0x0000000706300000, 0x0000000706400000|  0%| F|  |TS  0|AC  0|TAMS 0x0000000706300000, 0x0000000706300000|
| 100|0x0000000706400000, 0x0000000706400000, 0x0000000706500000|  0%| F|  |TS  0|AC  0|TAMS 0x0000000706400000, 0x0000000706400000|
| 101|0x0000000706500000, 0x0000000706500000, 0x0000000706600000|  0%| F|  |TS  0|AC  0|TAMS 0x0000000706500000, 0x0000000706500000|
| 102|0x0000000706600000, 0x0000000706600000, 0x0000000706700000|  0%| F|  |TS  0|AC  0|TAMS 0x0000000706600000, 0x0000000706600000|
| 103|0x0000000706700000, 0x0000000706700000, 0x0000000706800000|  0%| F|  |TS  0|AC  0|TAMS 0x0000000706700000, 0x0000000706700000|
| 104|0x0000000706800000, 0x0000000706800000, 0x0000000706900000|  0%| F|  |TS  0|AC  0|TAMS 0x0000000706800000, 0x0000000706800000|
| 105|0x0000000706900000, 0x0000000706900000, 0x0000000706a00000|  0%| F|  |TS  0|AC  0|TAMS 0x0000000706900000, 0x0000000706900000|
| 106|0x0000000706a00000, 0x0000000706a00000, 0x0000000706b00000|  0%| F|  |TS  0|AC  0|TAMS 0x0000000706a00000, 0x0000000706a00000|
| 107|0x0000000706b00000, 0x0000000706b00000, 0x0000000706c00000|  0%| F|  |TS  0|AC  0|TAMS 0x0000000706b00000, 0x0000000706b00000|
| 108|0x0000000706c00000, 0x0000000706c00000, 0x0000000706d00000|  0%| F|  |TS  0|AC  0|TAMS 0x0000000706c00000, 0x0000000706c00000|
| 109|0x0000000706d00000, 0x0000000706d00000, 0x0000000706e00000|  0%| F|  |TS  0|AC  0|TAMS 0x0000000706d00000, 0x0000000706d00000|
| 110|0x0000000706e00000, 0x0000000706e00000, 0x0000000706f00000|  0%| F|  |TS  0|AC  0|TAMS 0x0000000706e00000, 0x0000000706e00000|
| 111|0x0000000706f00000, 0x0000000706f00000, 0x0000000707000000|  0%| F|  |TS  0|AC  0|TAMS 0x0000000706f00000, 0x0000000706f00000|
| 112|0x0000000707000000, 0x0000000707000000, 0x0000000707100000|  0%| F|  |TS  0|AC  0|TAMS 0x0000000707000000, 0x0000000707000000|
| 113|0x0000000707100000, 0x0000000707100000, 0x0000000707200000|  0%| F|  |TS  0|AC  0|TAMS 0x0000000707100000, 0x0000000707100000|
| 114|0x0000000707200000, 0x0000000707200000, 0x0000000707300000|  0%| F|  |TS  0|AC  0|TAMS 0x0000000707200000, 0x0000000707200000|
| 115|0x0000000707300000, 0x0000000707300000, 0x0000000707400000|  0%| F|  |TS  0|AC  0|TAMS 0x0000000707300000, 0x0000000707300000|
| 116|0x0000000707400000, 0x0000000707400000, 0x0000000707500000|  0%| F|  |TS  0|AC  0|TAMS 0x0000000707400000, 0x0000000707400000|
| 117|0x0000000707500000, 0x0000000707500000, 0x0000000707600000|  0%| F|  |TS  0|AC  0|TAMS 0x0000000707500000, 0x0000000707500000|
| 118|0x0000000707600000, 0x0000000707600000, 0x0000000707700000|  0%| F|  |TS  0|AC  0|TAMS 0x0000000707600000, 0x0000000707600000|
| 119|0x0000000707700000, 0x0000000707700000, 0x0000000707800000|  0%| F|  |TS  0|AC  0|TAMS 0x0000000707700000, 0x0000000707700000|
| 120|0x0000000707800000, 0x0000000707800000, 0x0000000707900000|  0%| F|  |TS  0|AC  0|TAMS 0x0000000707800000, 0x0000000707800000|
| 121|0x0000000707900000, 0x0000000707900000, 0x0000000707a00000|  0%| F|  |TS  0|AC  0|TAMS 0x0000000707900000, 0x0000000707900000|
| 122|0x0000000707a00000, 0x0000000707a00000, 0x0000000707b00000|  0%| F|  |TS  0|AC  0|TAMS 0x0000000707a00000, 0x0000000707a00000|
| 123|0x0000000707b00000, 0x0000000707b00000, 0x0000000707c00000|  0%| F|  |TS  0|AC  0|TAMS 0x0000000707b00000, 0x0000000707b00000|
| 124|0x0000000707c00000, 0x0000000707c00000, 0x0000000707d00000|  0%| F|  |TS  0|AC  0|TAMS 0x0000000707c00000, 0x0000000707c00000|
| 125|0x0000000707d00000, 0x0000000707d00000, 0x0000000707e00000|  0%| F|  |TS  0|AC  0|TAMS 0x0000000707d00000, 0x0000000707d00000|
| 126|0x0000000707e00000, 0x0000000707e00000, 0x0000000707f00000|  0%| F|  |TS  0|AC  0|TAMS 0x0000000707e00000, 0x0000000707e00000|
| 127|0x0000000707f00000, 0x0000000707f00000, 0x0000000708000000|  0%| F|  |TS  0|AC  0|TAMS 0x0000000707f00000, 0x0000000707f00000|
| 128|0x0000000708000000, 0x0000000708000000, 0x0000000708100000|  0%| F|  |TS  0|AC  0|TAMS 0x0000000708000000, 0x0000000708000000|
| 129|0x0000000708100000, 0x0000000708100000, 0x0000000708200000|  0%| F|  |TS  0|AC  0|TAMS 0x0000000708100000, 0x0000000708100000|
| 130|0x0000000708200000, 0x0000000708200000, 0x0000000708300000|  0%| F|  |TS  0|AC  0|TAMS 0x0000000708200000, 0x0000000708200000|
| 131|0x0000000708300000, 0x0000000708300000, 0x0000000708400000|  0%| F|  |TS  0|AC  0|TAMS 0x0000000708300000, 0x0000000708300000|
| 132|0x0000000708400000, 0x0000000708400000, 0x0000000708500000|  0%| F|  |TS  0|AC  0|TAMS 0x0000000708400000, 0x0000000708400000|
| 133|0x0000000708500000, 0x0000000708500000, 0x0000000708600000|  0%| F|  |TS  0|AC  0|TAMS 0x0000000708500000, 0x0000000708500000|
| 134|0x0000000708600000, 0x0000000708600000, 0x0000000708700000|  0%| F|  |TS  0|AC  0|TAMS 0x0000000708600000, 0x0000000708600000|
| 135|0x0000000708700000, 0x0000000708700000, 0x0000000708800000|  0%| F|  |TS  0|AC  0|TAMS 0x0000000708700000, 0x0000000708700000|
| 136|0x0000000708800000, 0x0000000708800000, 0x0000000708900000|  0%| F|  |TS  0|AC  0|TAMS 0x0000000708800000, 0x0000000708800000|
| 137|0x0000000708900000, 0x0000000708900000, 0x0000000708a00000|  0%| F|  |TS  0|AC  0|TAMS 0x0000000708900000, 0x0000000708900000|
| 138|0x0000000708a00000, 0x0000000708a00000, 0x0000000708b00000|  0%| F|  |TS  0|AC  0|TAMS 0x0000000708a00000, 0x0000000708a00000|
| 139|0x0000000708b00000, 0x0000000708b00000, 0x0000000708c00000|  0%| F|  |TS  0|AC  0|TAMS 0x0000000708b00000, 0x0000000708b00000|
| 140|0x0000000708c00000, 0x0000000708c00000, 0x0000000708d00000|  0%| F|  |TS  0|AC  0|TAMS 0x0000000708c00000, 0x0000000708c00000|
| 141|0x0000000708d00000, 0x0000000708d00000, 0x0000000708e00000|  0%| F|  |TS  0|AC  0|TAMS 0x0000000708d00000, 0x0000000708d00000|
| 142|0x0000000708e00000, 0x0000000708e00000, 0x0000000708f00000|  0%| F|  |TS  0|AC  0|TAMS 0x0000000708e00000, 0x0000000708e00000|
| 143|0x0000000708f00000, 0x0000000708f00000, 0x0000000709000000|  0%| F|  |TS  0|AC  0|TAMS 0x0000000708f00000, 0x0000000708f00000|
| 144|0x0000000709000000, 0x0000000709000000, 0x0000000709100000|  0%| F|  |TS  0|AC  0|TAMS 0x0000000709000000, 0x0000000709000000|
| 145|0x0000000709100000, 0x0000000709100000, 0x0000000709200000|  0%| F|  |TS  0|AC  0|TAMS 0x0000000709100000, 0x0000000709100000|
| 146|0x0000000709200000, 0x0000000709200000, 0x0000000709300000|  0%| F|  |TS  0|AC  0|TAMS 0x0000000709200000, 0x0000000709200000|
| 147|0x0000000709300000, 0x0000000709300000, 0x0000000709400000|  0%| F|  |TS  0|AC  0|TAMS 0x0000000709300000, 0x0000000709300000|
| 148|0x0000000709400000, 0x0000000709400000, 0x0000000709500000|  0%| F|  |TS  0|AC  0|TAMS 0x0000000709400000, 0x0000000709400000|
| 149|0x0000000709500000, 0x0000000709500000, 0x0000000709600000|  0%| F|  |TS  0|AC  0|TAMS 0x0000000709500000, 0x0000000709500000|
| 150|0x0000000709600000, 0x0000000709600000, 0x0000000709700000|  0%| F|  |TS  0|AC  0|TAMS 0x0000000709600000, 0x0000000709600000|
| 151|0x0000000709700000, 0x0000000709700000, 0x0000000709800000|  0%| F|  |TS  0|AC  0|TAMS 0x0000000709700000, 0x0000000709700000|
| 152|0x0000000709800000, 0x0000000709800000, 0x0000000709900000|  0%| F|  |TS  0|AC  0|TAMS 0x0000000709800000, 0x0000000709800000|
| 153|0x0000000709900000, 0x0000000709900000, 0x0000000709a00000|  0%| F|  |TS  0|AC  0|TAMS 0x0000000709900000, 0x0000000709900000|
| 154|0x0000000709a00000, 0x0000000709a00000, 0x0000000709b00000|  0%| F|  |TS  0|AC  0|TAMS 0x0000000709a00000, 0x0000000709a00000|
| 155|0x0000000709b00000, 0x0000000709b00000, 0x0000000709c00000|  0%| F|  |TS  0|AC  0|TAMS 0x0000000709b00000, 0x0000000709b00000|
| 156|0x0000000709c00000, 0x0000000709c00000, 0x0000000709d00000|  0%| F|  |TS  0|AC  0|TAMS 0x0000000709c00000, 0x0000000709c00000|
| 157|0x0000000709d00000, 0x0000000709d00000, 0x0000000709e00000|  0%| F|  |TS  0|AC  0|TAMS 0x0000000709d00000, 0x0000000709d00000|
| 158|0x0000000709e00000, 0x0000000709e00000, 0x0000000709f00000|  0%| F|  |TS  0|AC  0|TAMS 0x0000000709e00000, 0x0000000709e00000|
| 159|0x0000000709f00000, 0x0000000709f00000, 0x000000070a000000|  0%| F|  |TS  0|AC  0|TAMS 0x0000000709f00000, 0x0000000709f00000|
| 160|0x000000070a000000, 0x000000070a000000, 0x000000070a100000|  0%| F|  |TS  0|AC  0|TAMS 0x000000070a000000, 0x000000070a000000|
| 161|0x000000070a100000, 0x000000070a100000, 0x000000070a200000|  0%| F|  |TS  0|AC  0|TAMS 0x000000070a100000, 0x000000070a100000|
| 162|0x000000070a200000, 0x000000070a200000, 0x000000070a300000|  0%| F|  |TS  0|AC  0|TAMS 0x000000070a200000, 0x000000070a200000|
| 163|0x000000070a300000, 0x000000070a300000, 0x000000070a400000|  0%| F|  |TS  0|AC  0|TAMS 0x000000070a300000, 0x000000070a300000|
| 164|0x000000070a400000, 0x000000070a400000, 0x000000070a500000|  0%| F|  |TS  0|AC  0|TAMS 0x000000070a400000, 0x000000070a400000|
| 165|0x000000070a500000, 0x000000070a500000, 0x000000070a600000|  0%| F|  |TS  0|AC  0|TAMS 0x000000070a500000, 0x000000070a500000|
| 166|0x000000070a600000, 0x000000070a600000, 0x000000070a700000|  0%| F|  |TS  0|AC  0|TAMS 0x000000070a600000, 0x000000070a600000|
| 167|0x000000070a700000, 0x000000070a700000, 0x000000070a800000|  0%| F|  |TS  0|AC  0|TAMS 0x000000070a700000, 0x000000070a700000|
| 168|0x000000070a800000, 0x000000070a800000, 0x000000070a900000|  0%| F|  |TS  0|AC  0|TAMS 0x000000070a800000, 0x000000070a800000|
| 169|0x000000070a900000, 0x000000070a900000, 0x000000070aa00000|  0%| F|  |TS  0|AC  0|TAMS 0x000000070a900000, 0x000000070a900000|
| 170|0x000000070aa00000, 0x000000070aa00000, 0x000000070ab00000|  0%| F|  |TS  0|AC  0|TAMS 0x000000070aa00000, 0x000000070aa00000|
| 171|0x000000070ab00000, 0x000000070ab00000, 0x000000070ac00000|  0%| F|  |TS  0|AC  0|TAMS 0x000000070ab00000, 0x000000070ab00000|
| 172|0x000000070ac00000, 0x000000070ac00000, 0x000000070ad00000|  0%| F|  |TS  0|AC  0|TAMS 0x000000070ac00000, 0x000000070ac00000|
| 173|0x000000070ad00000, 0x000000070ad00000, 0x000000070ae00000|  0%| F|  |TS  0|AC  0|TAMS 0x000000070ad00000, 0x000000070ad00000|
| 174|0x000000070ae00000, 0x000000070ae00000, 0x000000070af00000|  0%| F|  |TS  0|AC  0|TAMS 0x000000070ae00000, 0x000000070ae00000|
| 175|0x000000070af00000, 0x000000070af00000, 0x000000070b000000|  0%| F|  |TS  0|AC  0|TAMS 0x000000070af00000, 0x000000070af00000|
| 176|0x000000070b000000, 0x000000070b096d88, 0x000000070b100000| 58%| E|  |TS  0|AC  0|TAMS 0x000000070b000000, 0x000000070b000000|
| 177|0x000000070b100000, 0x000000070b200000, 0x000000070b200000|100%| E|CS|TS  0|AC  0|TAMS 0x000000070b100000, 0x000000070b100000|
| 178|0x000000070b200000, 0x000000070b300000, 0x000000070b300000|100%| E|CS|TS  0|AC  0|TAMS 0x000000070b200000, 0x000000070b200000|
| 179|0x000000070b300000, 0x000000070b400000, 0x000000070b400000|100%| E|CS|TS  0|AC  0|TAMS 0x000000070b300000, 0x000000070b300000|
| 180|0x000000070b400000, 0x000000070b500000, 0x000000070b500000|100%| E|CS|TS  0|AC  0|TAMS 0x000000070b400000, 0x000000070b400000|
| 181|0x000000070b500000, 0x000000070b600000, 0x000000070b600000|100%| E|CS|TS  0|AC  0|TAMS 0x000000070b500000, 0x000000070b500000|
| 182|0x000000070b600000, 0x000000070b700000, 0x000000070b700000|100%| E|CS|TS  0|AC  0|TAMS 0x000000070b600000, 0x000000070b600000|
| 183|0x000000070b700000, 0x000000070b800000, 0x000000070b800000|100%| E|CS|TS  0|AC  0|TAMS 0x000000070b700000, 0x000000070b700000|
| 184|0x000000070b800000, 0x000000070b900000, 0x000000070b900000|100%| E|CS|TS  0|AC  0|TAMS 0x000000070b800000, 0x000000070b800000|
| 185|0x000000070b900000, 0x000000070ba00000, 0x000000070ba00000|100%| E|CS|TS  0|AC  0|TAMS 0x000000070b900000, 0x000000070b900000|
| 186|0x000000070ba00000, 0x000000070bb00000, 0x000000070bb00000|100%| E|CS|TS  0|AC  0|TAMS 0x000000070ba00000, 0x000000070ba00000|
| 187|0x000000070bb00000, 0x000000070bc00000, 0x000000070bc00000|100%| E|CS|TS  0|AC  0|TAMS 0x000000070bb00000, 0x000000070bb00000|
| 188|0x000000070bc00000, 0x000000070bd00000, 0x000000070bd00000|100%| E|CS|TS  0|AC  0|TAMS 0x000000070bc00000, 0x000000070bc00000|
| 189|0x000000070bd00000, 0x000000070be00000, 0x000000070be00000|100%| E|CS|TS  0|AC  0|TAMS 0x000000070bd00000, 0x000000070bd00000|
| 190|0x000000070be00000, 0x000000070bf00000, 0x000000070bf00000|100%| E|CS|TS  0|AC  0|TAMS 0x000000070be00000, 0x000000070be00000|
| 191|0x000000070bf00000, 0x000000070c000000, 0x000000070c000000|100%| E|CS|TS  0|AC  0|TAMS 0x000000070bf00000, 0x000000070bf00000|
| 192|0x000000070c000000, 0x000000070c100000, 0x000000070c100000|100%| E|CS|TS  0|AC  0|TAMS 0x000000070c000000, 0x000000070c000000|
| 193|0x000000070c100000, 0x000000070c200000, 0x000000070c200000|100%| E|CS|TS  0|AC  0|TAMS 0x000000070c100000, 0x000000070c100000|
| 194|0x000000070c200000, 0x000000070c300000, 0x000000070c300000|100%| E|CS|TS  0|AC  0|TAMS 0x000000070c200000, 0x000000070c200000|
| 195|0x000000070c300000, 0x000000070c400000, 0x000000070c400000|100%| E|CS|TS  0|AC  0|TAMS 0x000000070c300000, 0x000000070c300000|
| 196|0x000000070c400000, 0x000000070c500000, 0x000000070c500000|100%| E|CS|TS  0|AC  0|TAMS 0x000000070c400000, 0x000000070c400000|
| 197|0x000000070c500000, 0x000000070c600000, 0x000000070c600000|100%| E|CS|TS  0|AC  0|TAMS 0x000000070c500000, 0x000000070c500000|
| 198|0x000000070c600000, 0x000000070c700000, 0x000000070c700000|100%| E|CS|TS  0|AC  0|TAMS 0x000000070c600000, 0x000000070c600000|
| 199|0x000000070c700000, 0x000000070c800000, 0x000000070c800000|100%| E|CS|TS  0|AC  0|TAMS 0x000000070c700000, 0x000000070c700000|
| 200|0x000000070c800000, 0x000000070c900000, 0x000000070c900000|100%| E|CS|TS  0|AC  0|TAMS 0x000000070c800000, 0x000000070c800000|
| 201|0x000000070c900000, 0x000000070ca00000, 0x000000070ca00000|100%| E|CS|TS  0|AC  0|TAMS 0x000000070c900000, 0x000000070c900000|
| 202|0x000000070ca00000, 0x000000070cb00000, 0x000000070cb00000|100%| E|CS|TS  0|AC  0|TAMS 0x000000070ca00000, 0x000000070ca00000|
| 203|0x000000070cb00000, 0x000000070cc00000, 0x000000070cc00000|100%| E|CS|TS  0|AC  0|TAMS 0x000000070cb00000, 0x000000070cb00000|
| 204|0x000000070cc00000, 0x000000070cd00000, 0x000000070cd00000|100%| E|CS|TS  0|AC  0|TAMS 0x000000070cc00000, 0x000000070cc00000|
| 205|0x000000070cd00000, 0x000000070ce00000, 0x000000070ce00000|100%| E|CS|TS  0|AC  0|TAMS 0x000000070cd00000, 0x000000070cd00000|
| 206|0x000000070ce00000, 0x000000070cf00000, 0x000000070cf00000|100%| E|CS|TS  0|AC  0|TAMS 0x000000070ce00000, 0x000000070ce00000|
| 207|0x000000070cf00000, 0x000000070d000000, 0x000000070d000000|100%| E|CS|TS  0|AC  0|TAMS 0x000000070cf00000, 0x000000070cf00000|
| 208|0x000000070d000000, 0x000000070d100000, 0x000000070d100000|100%| E|CS|TS  0|AC  0|TAMS 0x000000070d000000, 0x000000070d000000|
| 209|0x000000070d100000, 0x000000070d200000, 0x000000070d200000|100%| E|CS|TS  0|AC  0|TAMS 0x000000070d100000, 0x000000070d100000|
| 210|0x000000070d200000, 0x000000070d300000, 0x000000070d300000|100%| E|CS|TS  0|AC  0|TAMS 0x000000070d200000, 0x000000070d200000|

Card table byte_map: [0x000002bdcb790000,0x000002bdcbd90000] byte_map_base: 0x000002bdc7f90000

Marking Bits (Prev, Next): (CMBitMap*) 0x000002bdcd52a7b0, (CMBitMap*) 0x000002bdcd52a7e8
 Prev Bits: [0x000002bde3130000, 0x000002bde6130000)
 Next Bits: [0x000002bde6130000, 0x000002bde9130000)

Polling page: 0x000002bdc2040000

CodeHeap 'non-profiled nmethods': size=120064Kb used=17153Kb max_used=17395Kb free=102910Kb
 bounds [0x000002bddbbf0000, 0x000002bddcd00000, 0x000002bde3130000]
CodeHeap 'profiled nmethods': size=120000Kb used=39639Kb max_used=44014Kb free=80361Kb
 bounds [0x000002bdd46c0000, 0x000002bdd71f0000, 0x000002bddbbf0000]
CodeHeap 'non-nmethods': size=5696Kb used=1787Kb max_used=1848Kb free=3908Kb
 bounds [0x000002bdd4130000, 0x000002bdd43a0000, 0x000002bdd46c0000]
 total_blobs=29116 nmethods=16218 adapters=1125
 compilation: enabled

Compilation events (10 events):
Event: 621.405 Thread 0x000002bdca3b6800 21063       3       ui.aG::a (12 bytes)
Event: 621.405 Thread 0x000002bdca3b6800 nmethod 21063 0x000002bdd49be810 code [0x000002bdd49be9e0, 0x000002bdd49becf0]
Event: 622.047 Thread 0x000002bdca3b6800 21064       3       ui.views.dj::a (121 bytes)
Event: 622.048 Thread 0x000002bdca3b6800 nmethod 21064 0x000002bdd4f6de90 code [0x000002bdd4f6e0e0, 0x000002bdd4f6ecf0]
Event: 622.049 Thread 0x000002bdca3b6800 21065       3       com.jidesoft.swing.Searchable::hidePopup (110 bytes)
Event: 622.049 Thread 0x000002bdca3b6800 nmethod 21065 0x000002bdd4fd9e10 code [0x000002bdd4fda0a0, 0x000002bdd4fdaec0]
Event: 622.049 Thread 0x000002bdca3b6800 21066       3       com.jidesoft.swing.Searchable::setCursor (7 bytes)
Event: 622.050 Thread 0x000002bdca3b6800 nmethod 21066 0x000002bdd4a56710 code [0x000002bdd4a568c0, 0x000002bdd4a56ad0]
Event: 622.382 Thread 0x000002bdca3b6800 21067       3       javax.swing.text.View::changedUpdate (60 bytes)
Event: 622.383 Thread 0x000002bdca3b6800 nmethod 21067 0x000002bdd4e35f10 code [0x000002bdd4e36160, 0x000002bdd4e36b40]

GC Heap History (10 events):
Event: 607.673 GC heap before
{Heap before GC invocations=144 (full 50):
 garbage-first heap   total 216064K, used 125769K [0x0000000700000000, 0x0000000700100698, 0x00000007c0000000)
  region size 1024K, 60 young (61440K), 3 survivors (3072K)
 Metaspace       used 84236K, capacity 90217K, committed 90572K, reserved 1128448K
  class space    used 11385K, capacity 12411K, committed 12492K, reserved 1048576K
}
Event: 607.682 GC heap after
{Heap after GC invocations=145 (full 50):
 garbage-first heap   total 216064K, used 66982K [0x0000000700000000, 0x0000000700100698, 0x00000007c0000000)
  region size 1024K, 2 young (2048K), 2 survivors (2048K)
 Metaspace       used 84236K, capacity 90217K, committed 90572K, reserved 1128448K
  class space    used 11385K, capacity 12411K, committed 12492K, reserved 1048576K
}
Event: 609.770 GC heap before
{Heap before GC invocations=145 (full 50):
 garbage-first heap   total 216064K, used 126374K [0x0000000700000000, 0x0000000700100698, 0x00000007c0000000)
  region size 1024K, 60 young (61440K), 2 survivors (2048K)
 Metaspace       used 84245K, capacity 90217K, committed 90572K, reserved 1128448K
  class space    used 11385K, capacity 12411K, committed 12492K, reserved 1048576K
}
Event: 609.779 GC heap after
{Heap after GC invocations=146 (full 50):
 garbage-first heap   total 216064K, used 67092K [0x0000000700000000, 0x0000000700100698, 0x00000007c0000000)
  region size 1024K, 2 young (2048K), 2 survivors (2048K)
 Metaspace       used 84245K, capacity 90217K, committed 90572K, reserved 1128448K
  class space    used 11385K, capacity 12411K, committed 12492K, reserved 1048576K
}
Event: 610.123 GC heap before
{Heap before GC invocations=146 (full 50):
 garbage-first heap   total 216064K, used 126484K [0x0000000700000000, 0x0000000700100698, 0x00000007c0000000)
  region size 1024K, 60 young (61440K), 2 survivors (2048K)
 Metaspace       used 84266K, capacity 90217K, committed 90572K, reserved 1128448K
  class space    used 11385K, capacity 12411K, committed 12492K, reserved 1048576K
}
Event: 610.131 GC heap after
{Heap after GC invocations=147 (full 50):
 garbage-first heap   total 216064K, used 66967K [0x0000000700000000, 0x0000000700100698, 0x00000007c0000000)
  region size 1024K, 2 young (2048K), 2 survivors (2048K)
 Metaspace       used 84266K, capacity 90217K, committed 90572K, reserved 1128448K
  class space    used 11385K, capacity 12411K, committed 12492K, reserved 1048576K
}
Event: 610.438 GC heap before
{Heap before GC invocations=147 (full 50):
 garbage-first heap   total 216064K, used 126359K [0x0000000700000000, 0x0000000700100698, 0x00000007c0000000)
  region size 1024K, 60 young (61440K), 2 survivors (2048K)
 Metaspace       used 84274K, capacity 90217K, committed 90572K, reserved 1128448K
  class space    used 11385K, capacity 12411K, committed 12492K, reserved 1048576K
}
Event: 610.447 GC heap after
{Heap after GC invocations=148 (full 50):
 garbage-first heap   total 216064K, used 67116K [0x0000000700000000, 0x0000000700100698, 0x00000007c0000000)
  region size 1024K, 2 young (2048K), 2 survivors (2048K)
 Metaspace       used 84274K, capacity 90217K, committed 90572K, reserved 1128448K
  class space    used 11385K, capacity 12411K, committed 12492K, reserved 1048576K
}
Event: 612.855 GC heap before
{Heap before GC invocations=148 (full 50):
 garbage-first heap   total 216064K, used 113196K [0x0000000700000000, 0x0000000700100698, 0x00000007c0000000)
  region size 1024K, 48 young (49152K), 2 survivors (2048K)
 Metaspace       used 84293K, capacity 90217K, committed 90572K, reserved 1128448K
  class space    used 11385K, capacity 12411K, committed 12492K, reserved 1048576K
}
Event: 613.147 GC heap after
{Heap after GC invocations=149 (full 51):
 garbage-first heap   total 216064K, used 66128K [0x0000000700000000, 0x0000000700100698, 0x00000007c0000000)
  region size 1024K, 0 young (0K), 0 survivors (0K)
 Metaspace       used 84293K, capacity 90217K, committed 90572K, reserved 1128448K
  class space    used 11385K, capacity 12411K, committed 12492K, reserved 1048576K
}

Deoptimization events (10 events):
Event: 601.606 Thread 0x000002bded719000 Uncommon trap: reason=class_check action=maybe_recompile pc=0x000002bddc915294 method=sun.java2d.SunGraphics2D.drawChars([CIIII)V @ 106 c2
Event: 602.066 Thread 0x000002bded719000 Uncommon trap: reason=class_check action=maybe_recompile pc=0x000002bddc915294 method=sun.java2d.SunGraphics2D.drawChars([CIIII)V @ 106 c2
Event: 602.081 Thread 0x000002bded719000 Uncommon trap: reason=class_check action=maybe_recompile pc=0x000002bddc8daeec method=sun.java2d.SunGraphics2D.drawChars([CIIII)V @ 106 c2
Event: 606.329 Thread 0x000002bded719000 Uncommon trap: reason=bimorphic_or_optimized_type_check action=maybe_recompile pc=0x000002bddc932e58 method=ui.frmwork.a.dWC()Z @ 14 c2
Event: 606.330 Thread 0x000002bded719000 Uncommon trap: reason=bimorphic_or_optimized_type_check action=maybe_recompile pc=0x000002bddc932e58 method=ui.frmwork.a.dWC()Z @ 14 c2
Event: 606.330 Thread 0x000002bded719000 Uncommon trap: reason=bimorphic_or_optimized_type_check action=maybe_recompile pc=0x000002bddc932e58 method=ui.frmwork.a.dWC()Z @ 14 c2
Event: 606.330 Thread 0x000002bded719000 Uncommon trap: reason=bimorphic_or_optimized_type_check action=maybe_recompile pc=0x000002bddc932e58 method=ui.frmwork.a.dWC()Z @ 14 c2
Event: 606.330 Thread 0x000002bded719000 Uncommon trap: reason=bimorphic_or_optimized_type_check action=maybe_recompile pc=0x000002bddcaa3990 method=ui.frmwork.a.dWC()Z @ 14 c2
Event: 610.649 Thread 0x000002bded719000 Uncommon trap: reason=class_check action=maybe_recompile pc=0x000002bddc2761f8 method=java.util.HashMap.removeNode(ILjava/lang/Object;Ljava/lang/Object;ZZ)Ljava/util/HashMap$Node; @ 68 c2
Event: 613.374 Thread 0x000002bded719000 Uncommon trap: reason=unstable_if action=reinterpret pc=0x000002bddc2eac5c method=javax.swing.text.StyleContext$SmallAttributeSet.equals(Ljava/lang/Object;)Z @ 30 c2

Classes redefined (0 events):
No events

Internal exceptions (10 events):
Event: 234.702 Thread 0x000002bded719000 Implicit null exception at 0x000002bddc968122 to 0x000002bddc969a89
Event: 236.095 Thread 0x000002bded719000 Implicit null exception at 0x000002bddcad79a3 to 0x000002bddcad8054
Event: 236.138 Thread 0x000002bded719000 Implicit null exception at 0x000002bddc6c4090 to 0x000002bddc6c40f4
Event: 236.141 Thread 0x000002bded719000 Implicit null exception at 0x000002bddc793fb3 to 0x000002bddc795a75
Event: 249.739 Thread 0x000002bded719000 Implicit null exception at 0x000002bddc5e7ce1 to 0x000002bddc5e8e75
Event: 249.749 Thread 0x000002bded719000 Implicit null exception at 0x000002bddcaf46c0 to 0x000002bddcaf55a5
Event: 309.279 Thread 0x000002bdcad53000 Implicit null exception at 0x000002bddca20c1f to 0x000002bddca21487
Event: 326.264 Thread 0x000002bdf8885800 Exception <a 'java/lang/InterruptedException'{0x000000070b9043a8}: sleep interrupted> (0x000000070b9043a8) thrown at [t:/workspace/hotspot/src/share/vm/prims/jvm.cpp, line 3023]
Event: 377.306 Thread 0x000002bded719000 Implicit null exception at 0x000002bddbff16f2 to 0x000002bddbff1921
Event: 605.945 Thread 0x000002bdf8881000 Exception <a 'java/lang/InterruptedException'{0x000000070c5dd250}: sleep interrupted> (0x000000070c5dd250) thrown at [t:/workspace/hotspot/src/share/vm/prims/jvm.cpp, line 3023]

Events (10 events):
Event: 618.369 Thread 0x000002bdf8886000 Thread added: 0x000002bdf8886000
Event: 618.376 Thread 0x000002bdf8886000 Thread exited: 0x000002bdf8886000
Event: 619.369 Thread 0x000002bdf8881000 Thread added: 0x000002bdf8881000
Event: 619.376 Thread 0x000002bdf8881000 Thread exited: 0x000002bdf8881000
Event: 620.371 Thread 0x000002bdf887f800 Thread added: 0x000002bdf887f800
Event: 620.377 Thread 0x000002bdf887f800 Thread exited: 0x000002bdf887f800
Event: 621.372 Thread 0x000002bdf8886000 Thread added: 0x000002bdf8886000
Event: 621.383 Thread 0x000002bdf8886000 Thread exited: 0x000002bdf8886000
Event: 622.374 Thread 0x000002bdf8886000 Thread added: 0x000002bdf8886000
Event: 622.380 Thread 0x000002bdf8886000 Thread exited: 0x000002bdf8886000


Dynamic libraries:
0x00007ff7856e0000 - 0x00007ff785710000 	C:\Xilinx\Vivado\2019.1\bin\unwrapped\win64.o\vivado.exe
0x00007ffd68050000 - 0x00007ffd68245000 	C:\WINDOWS\SYSTEM32\ntdll.dll
0x00007ffd67800000 - 0x00007ffd678bd000 	C:\WINDOWS\System32\KERNEL32.DLL
0x00007ffd65a50000 - 0x00007ffd65d19000 	C:\WINDOWS\System32\KERNELBASE.dll
0x00007ffd658c0000 - 0x00007ffd659c0000 	C:\WINDOWS\System32\ucrtbase.dll
0x00007ffd1e9a0000 - 0x00007ffd1f882000 	C:\Xilinx\Vivado\2019.1\lib\win64.o\librdi_common.dll
0x00007ffd57ed0000 - 0x00007ffd57ee4000 	C:\Xilinx\Vivado\2019.1\lib\win64.o\libboost_signals.dll
0x00007ffd672b0000 - 0x00007ffd67450000 	C:\WINDOWS\System32\USER32.dll
0x00007ffd65780000 - 0x00007ffd657a2000 	C:\WINDOWS\System32\win32u.dll
0x00007ffd55760000 - 0x00007ffd557fd000 	C:\WINDOWS\SYSTEM32\MSVCP140.dll
0x00007ffd67280000 - 0x00007ffd672aa000 	C:\WINDOWS\System32\GDI32.dll
0x00007ffd65ed0000 - 0x00007ffd65fdb000 	C:\WINDOWS\System32\gdi32full.dll
0x00007ffd65fe0000 - 0x00007ffd6607d000 	C:\WINDOWS\System32\msvcp_win.dll
0x00007ffd5d340000 - 0x00007ffd5d357000 	C:\WINDOWS\SYSTEM32\VCRUNTIME140.dll
0x00007ffd67450000 - 0x00007ffd674fc000 	C:\WINDOWS\System32\ADVAPI32.dll
0x00007ffd678c0000 - 0x00007ffd6795e000 	C:\WINDOWS\System32\msvcrt.dll
0x00007ffd66800000 - 0x00007ffd6689b000 	C:\WINDOWS\System32\sechost.dll
0x00007ffd67150000 - 0x00007ffd6727a000 	C:\WINDOWS\System32\RPCRT4.dll
0x00007ffd553f0000 - 0x00007ffd5575e000 	C:\Xilinx\Vivado\2019.1\lib\win64.o\libCOIN-all.dll
0x00007ffd660b0000 - 0x00007ffd667ef000 	C:\WINDOWS\System32\SHELL32.dll
0x00007ffd57eb0000 - 0x00007ffd57ec4000 	C:\Xilinx\Vivado\2019.1\lib\win64.o\libboost_date_time.dll
0x00007ffd57d00000 - 0x00007ffd57d26000 	C:\Xilinx\Vivado\2019.1\lib\win64.o\libboost_filesystem.dll
0x00007ffd55eb0000 - 0x00007ffd55f2f000 	C:\Xilinx\Vivado\2019.1\lib\win64.o\libboost_program_options.dll
0x00007ffd386c0000 - 0x00007ffd387d4000 	C:\Xilinx\Vivado\2019.1\lib\win64.o\libboost_regex.dll
0x00007ffd5ceb0000 - 0x00007ffd5cebb000 	C:\Xilinx\Vivado\2019.1\lib\win64.o\libboost_system.dll
0x00007ffd56000000 - 0x00007ffd56021000 	C:\Xilinx\Vivado\2019.1\lib\win64.o\libboost_thread.dll
0x00007ffd5c910000 - 0x00007ffd5c91f000 	C:\Xilinx\Vivado\2019.1\lib\win64.o\libboost_xilinx.dll
0x00007ffd55360000 - 0x00007ffd553e2000 	C:\Xilinx\Vivado\2019.1\lib\win64.o\libhdlpsolve.dll
0x00007ffd55200000 - 0x00007ffd552a5000 	C:\Xilinx\Vivado\2019.1\lib\win64.o\libhdxml.dll
0x00007ffd1ddf0000 - 0x00007ffd1e99f400 	C:\Xilinx\Vivado\2019.1\lib\win64.o\libisl_iostreams.dll
0x00007ffd55d60000 - 0x00007ffd55d8e000 	C:\Xilinx\Vivado\2019.1\lib\win64.o\libisl_sysinfo.dll
0x00007ffd67500000 - 0x00007ffd6756b000 	C:\WINDOWS\System32\WS2_32.dll
0x00007ffd4fae0000 - 0x00007ffd4fb45000 	C:\Xilinx\Vivado\2019.1\lib\win64.o\liblmx6.0.dll
0x00007ffd55fe0000 - 0x00007ffd55ffa000 	C:\Xilinx\Vivado\2019.1\lib\win64.o\pthreadVC2.dll
0x00007ffd38590000 - 0x00007ffd386b1000 	C:\Xilinx\Vivado\2019.1\lib\win64.o\librdi_commonxillic.dll
0x00007ffd55e50000 - 0x00007ffd55e6c000 	C:\Xilinx\Vivado\2019.1\lib\win64.o\librdiconfig.dll
0x00007ffd551d0000 - 0x00007ffd551f1000 	C:\Xilinx\Vivado\2019.1\lib\win64.o\librdizlib.dll
0x0000000068d20000 - 0x0000000068e4b000 	C:\Xilinx\Vivado\2019.1\lib\win64.o\tcl85t.dll
0x0000000012000000 - 0x0000000012270000 	C:\Xilinx\Vivado\2019.1\lib\win64.o\xerces-c_3_1.dll
0x00007ffd56730000 - 0x00007ffd56748000 	C:\WINDOWS\SYSTEM32\NETAPI32.dll
0x00007ffd53340000 - 0x00007ffd53813000 	C:\WINDOWS\SYSTEM32\WININET.dll
0x00007ffd5ad10000 - 0x00007ffd5ae18000 	C:\WINDOWS\SYSTEM32\WINHTTP.dll
0x00007ffd5b4f0000 - 0x00007ffd5b6dc000 	C:\WINDOWS\SYSTEM32\urlmon.dll
0x00007ffd5e880000 - 0x00007ffd5e889000 	C:\WINDOWS\SYSTEM32\WSOCK32.dll
0x00007ffd1cf50000 - 0x00007ffd1dde1000 	C:\Xilinx\Vivado\2019.1\lib\win64.o\gurobi65.dll
0x00007ffd551a0000 - 0x00007ffd551ce000 	C:\WINDOWS\SYSTEM32\VCOMP140.DLL
0x00007ffd5c8a0000 - 0x00007ffd5c8ad000 	C:\Xilinx\Vivado\2019.1\lib\win64.o\libboost_chrono.dll
0x00007ffd55d40000 - 0x00007ffd55d5b000 	C:\Xilinx\Vivado\2019.1\lib\win64.o\libboost_iostreams.dll
0x00007ffd55030000 - 0x00007ffd55055000 	C:\Xilinx\Vivado\2019.1\lib\win64.o\libisl_iosutils.dll
0x00007ffd36c20000 - 0x00007ffd36ef8000 	C:\Xilinx\Vivado\2019.1\lib\win64.o\libXil_lmgr11.dll
0x00007ffd67570000 - 0x00007ffd6764a000 	C:\WINDOWS\System32\COMDLG32.dll
0x00007ffd5b840000 - 0x00007ffd5baf0000 	C:\WINDOWS\SYSTEM32\iertutil.dll
0x00007ffd668a0000 - 0x00007ffd66bf5000 	C:\WINDOWS\System32\combase.dll
0x00007ffd66d10000 - 0x00007ffd66dbe000 	C:\WINDOWS\System32\shcore.dll
0x00007ffd66cb0000 - 0x00007ffd66d05000 	C:\WINDOWS\System32\SHLWAPI.dll
0x00007ffd5b4c0000 - 0x00007ffd5b4e8000 	C:\WINDOWS\SYSTEM32\srvcli.dll
0x00007ffd66e40000 - 0x00007ffd66f0d000 	C:\WINDOWS\System32\OLEAUT32.dll
0x00007ffd67a00000 - 0x00007ffd67b2a000 	C:\WINDOWS\System32\ole32.dll
0x00007ffd64cf0000 - 0x00007ffd64cfc000 	C:\WINDOWS\SYSTEM32\netutils.dll
0x00007ffd657b0000 - 0x00007ffd65810000 	C:\WINDOWS\System32\WINTRUST.dll
0x00007ffd65d20000 - 0x00007ffd65e7f000 	C:\WINDOWS\System32\CRYPT32.dll
0x00007ffd548e0000 - 0x00007ffd54990000 	C:\WINDOWS\WinSxS\amd64_microsoft.windows.common-controls_6595b64144ccf1df_5.82.19041.1110_none_792d1c772443f647\COMCTL32.dll
0x00007ffd59ab0000 - 0x00007ffd59ac4000 	C:\Xilinx\Vivado\2019.1\lib\win64.o\librdi_commonmain.dll
0x00007ffd5ffe0000 - 0x00007ffd5fffd000 	C:\WINDOWS\SYSTEM32\dhcpcsvc.DLL
0x00007ffd5c870000 - 0x00007ffd5c87a000 	C:\Xilinx\Vivado\2019.1\lib\win64.o\librdi_commonversion.dll
0x00007ffd679c0000 - 0x00007ffd679f0000 	C:\WINDOWS\System32\IMM32.DLL
0x00007ffd65360000 - 0x00007ffd65372000 	C:\WINDOWS\SYSTEM32\MSASN1.dll
0x00007ffd636b0000 - 0x00007ffd636c2000 	C:\WINDOWS\SYSTEM32\kernel.appcore.dll
0x00007ffd30180000 - 0x00007ffd30697000 	C:\Xilinx\Vivado\2019.1\lib\win64.o\librdi_commontasks.dll
0x00000000682f0000 - 0x0000000068d15000 	C:\Xilinx\Vivado\2019.1\tps\win64\jre9.0.4\bin\server\jvm.dll
0x00007ffd667f0000 - 0x00007ffd667f8000 	C:\WINDOWS\System32\PSAPI.DLL
0x00007ffd33240000 - 0x00007ffd334c6000 	C:\Xilinx\Vivado\2019.1\lib\win64.o\librdi_sio.dll
0x00007ffd5dfb0000 - 0x00007ffd5dfba000 	C:\WINDOWS\SYSTEM32\VERSION.dll
0x00007ffd50240000 - 0x00007ffd50267000 	C:\WINDOWS\SYSTEM32\WINMM.dll
0x00007ffd384a0000 - 0x00007ffd3858f000 	C:\Xilinx\Vivado\2019.1\tps\win64\jre9.0.4\bin\MSVCR120.dll
0x00007ffd64be0000 - 0x00007ffd64c1b000 	C:\WINDOWS\SYSTEM32\IPHLPAPI.DLL
0x00007ffd64f40000 - 0x00007ffd64faa000 	C:\WINDOWS\SYSTEM32\MSWSOCK.DLL
0x00007ffd638b0000 - 0x00007ffd64040000 	C:\WINDOWS\SYSTEM32\windows.storage.dll
0x00007ffd651e0000 - 0x00007ffd6520c000 	C:\WINDOWS\SYSTEM32\Wldp.dll
0x00007ffd1aa90000 - 0x00007ffd1cf4c000 	C:\Xilinx\Vivado\2019.1\lib\win64.o\librdi_tcltasks.dll
0x00007ffd2f410000 - 0x00007ffd2f818000 	C:\Xilinx\Vivado\2019.1\lib\win64.o\librdi_bitstream.dll
0x00007ffd36fa0000 - 0x00007ffd37131000 	C:\Xilinx\Vivado\2019.1\lib\win64.o\librdi_board.dll
0x00007ffd4c5b0000 - 0x00007ffd4c628000 	C:\Xilinx\Vivado\2019.1\lib\win64.o\librdi_boarddep.dll
0x00007ffd36580000 - 0x00007ffd3673d000 	C:\Xilinx\Vivado\2019.1\lib\win64.o\librdi_chipscopeimpl.dll
0x00007ffd35d30000 - 0x00007ffd35e1b000 	C:\Xilinx\Vivado\2019.1\lib\win64.o\librdi_chipscope.dll
0x00007ffd190a0000 - 0x00007ffd1aa8a000 	C:\Xilinx\Vivado\2019.1\lib\win64.o\librdi_constraints.dll
0x00007ffd171e0000 - 0x00007ffd19091000 	C:\Xilinx\Vivado\2019.1\lib\win64.o\librdi_coregen.dll
0x00007ffd16b00000 - 0x00007ffd171da000 	C:\Xilinx\Vivado\2019.1\lib\win64.o\librdi_coregenipxact.dll
0x00007ffd00680000 - 0x00007ffd046c3000 	C:\Xilinx\Vivado\2019.1\lib\win64.o\librdi_designutils.dll
0x00007ffd31ad0000 - 0x00007ffd31dee000 	C:\Xilinx\Vivado\2019.1\lib\win64.o\librdi_dlyest.dll
0x00007ffd000e0000 - 0x00007ffd0067a000 	C:\Xilinx\Vivado\2019.1\lib\win64.o\librdi_drc.dll
0x00007ffd35bd0000 - 0x00007ffd35d26000 	C:\Xilinx\Vivado\2019.1\lib\win64.o\librdi_containers.dll
0x00007ffd300b0000 - 0x00007ffd30174000 	C:\Xilinx\Vivado\2019.1\lib\win64.o\librdi_dsp.dll
0x00007ffcffa90000 - 0x00007ffd000dd000 	C:\Xilinx\Vivado\2019.1\lib\win64.o\librdi_filemgmt.dll
0x00007ffd2fdc0000 - 0x00007ffd300a3000 	C:\Xilinx\Vivado\2019.1\lib\win64.o\librdi_guitools.dll
0x00007ffd404f0000 - 0x00007ffd40555000 	C:\Xilinx\Vivado\2019.1\lib\win64.o\librdi_hdf.dll
0x00007ffd046d0000 - 0x00007ffd16afc000 	C:\Xilinx\Vivado\2019.1\lib\win64.o\librdi_device.dll
0x00007ffcff470000 - 0x00007ffcffa85000 	C:\Xilinx\Vivado\2019.1\lib\win64.o\librdi_memdata.dll
0x00007ffd38ce0000 - 0x00007ffd38d53000 	C:\Xilinx\Vivado\2019.1\lib\win64.o\librdi_memoryarray.dll
0x00007ffcfdeb0000 - 0x00007ffcff470000 	C:\Xilinx\Vivado\2019.1\lib\win64.o\librdi_implflow.dll
0x00007ffcfab10000 - 0x00007ffcfb1b2000 	C:\Xilinx\Vivado\2019.1\lib\win64.o\librdi_netlist.dll
0x00007ffd54020000 - 0x00007ffd5406b000 	C:\Xilinx\Vivado\2019.1\lib\win64.o\librdi_pfi.dll
0x00007ffcec2c0000 - 0x00007ffcee936000 	C:\Xilinx\Vivado\2019.1\lib\win64.o\librdi_place.dll
0x00007ffd2f100000 - 0x00007ffd2f40f000 	C:\Xilinx\Vivado\2019.1\lib\win64.o\librdi_platform.dll
0x00007ffcfa3c0000 - 0x00007ffcfab0a000 	C:\Xilinx\Vivado\2019.1\lib\win64.o\librdi_power.dll
0x00007ffcfb1c0000 - 0x00007ffcfdea6000 	C:\Xilinx\Vivado\2019.1\lib\win64.o\librdi_mig.dll
0x00007ffcf9e40000 - 0x00007ffcfa3bf000 	C:\Xilinx\Vivado\2019.1\lib\win64.o\librdi_project.dll
0x00007ffcf9730000 - 0x00007ffcf9e39000 	C:\Xilinx\Vivado\2019.1\lib\win64.o\librdi_psta.dll
0x00007ffcf9020000 - 0x00007ffcf9726000 	C:\Xilinx\Vivado\2019.1\lib\win64.o\librdi_rsb.dll
0x00007ffcf7bd0000 - 0x00007ffcf7cca000 	C:\Xilinx\Vivado\2019.1\lib\win64.o\librdi_runsbase.dll
0x00007ffcf75a0000 - 0x00007ffcf77f6000 	C:\Xilinx\Vivado\2019.1\lib\win64.o\librdi_simdata.dll
0x00007ffcf8c20000 - 0x00007ffcf9011000 	C:\Xilinx\Vivado\2019.1\lib\win64.o\librdi_runs.dll
0x00007ffcf5f00000 - 0x00007ffcf6d11000 	C:\Xilinx\Vivado\2019.1\lib\win64.o\librdi_timing.dll
0x00007ffcf7a50000 - 0x00007ffcf7bc2000 	C:\Xilinx\Vivado\2019.1\lib\win64.o\librdi_advchipscopeimpl.dll
0x00007ffd4f9b0000 - 0x00007ffd4f9fc000 	C:\Xilinx\Vivado\2019.1\lib\win64.o\libboost_serialization.dll
0x00007ffcf5d60000 - 0x00007ffcf5eff000 	C:\Xilinx\Vivado\2019.1\lib\win64.o\librdi_hip_devdesign.dll
0x00007ffcf5c90000 - 0x00007ffcf5d52000 	C:\Xilinx\Vivado\2019.1\lib\win64.o\librdi_ipconfig_readwrite.dll
0x00007ffd41970000 - 0x00007ffd419b3000 	C:\Xilinx\Vivado\2019.1\lib\win64.o\librdi_noc_frameworks.dll
0x00007ffcf5140000 - 0x00007ffcf5c87000 	C:\Xilinx\Vivado\2019.1\lib\win64.o\libverific.dll
0x00007ffcf2500000 - 0x00007ffcf2a4e000 	C:\Xilinx\Vivado\2019.1\lib\win64.o\librdi_xdm.dll
0x00007ffcf2110000 - 0x00007ffcf24f5000 	C:\Xilinx\Vivado\2019.1\lib\win64.o\librdi_hip_config.dll
0x00007ffd4f0d0000 - 0x00007ffd4f110000 	C:\Xilinx\Vivado\2019.1\lib\win64.o\librdi_wavedata_SimpleApi.dll
0x00007ffcf1b10000 - 0x00007ffcf210c000 	C:\Xilinx\Vivado\2019.1\lib\win64.o\librdi_wavedata.dll
0x00007ffd4cf30000 - 0x00007ffd4cf6f000 	C:\Xilinx\Vivado\2019.1\lib\win64.o\librdi_schedmon.dll
0x00007ffcf0980000 - 0x00007ffcf1b0d000 	C:\Xilinx\Vivado\2019.1\lib\win64.o\librdi_route.dll
0x00007ffcea2f0000 - 0x00007ffcec2bd000 	C:\Xilinx\Vivado\2019.1\lib\win64.o\librdi_synth.dll
0x00007ffcf50b0000 - 0x00007ffcf5138000 	C:\Xilinx\Vivado\2019.1\lib\win64.o\librdi_meir_core.dll
0x00007ffcf4e50000 - 0x00007ffcf50a9000 	C:\Xilinx\Vivado\2019.1\lib\win64.o\librdi_hsm.dll

VM Arguments:
jvm_args: -Dsun.java2d.pmoffscreen=false -Dsun.java2d.xrender=false -Dsun.java2d.d3d=false -Dsun.awt.nopixfmt=true -Dsun.java2d.dpiaware=true -Dsun.java2d.uiScale.enabled=false -Xverify:none -Dswing.aatext=true -XX:-UsePerfData -Djdk.map.althashing.threshold=512 -XX:StringTableSize=4072 --add-opens=java.base/java.nio=ALL-UNNAMED --add-opens=java.desktop/sun.swing=ALL-UNNAMED --add-opens=java.desktop/javax.swing=ALL-UNNAMED --add-opens=java.desktop/javax.swing.tree=ALL-UNNAMED --add-opens=java.desktop/javax.swing.plaf.basic=ALL-UNNAMED --add-opens=java.desktop/javax.swing.plaf.synth=ALL-UNNAMED --add-opens=java.desktop/com.sun.awt=ALL-UNNAMED -XX:NewSize=60m -XX:MaxNewSize=60m -Xms128m -Xmx3072m -Xss5m 
java_command: <unknown>
java_class_path (initial): C:/Xilinx/Vivado/2019.1\lib\classes\alloy.jar;C:/Xilinx/Vivado/2019.1\lib\classes\autopilot.scelaborator.jar;C:/Xilinx/Vivado/2019.1\lib\classes\autopilot.sourceprocessor.jar;C:/Xilinx/Vivado/2019.1\lib\classes\autopilot.tbprocessor.jar;C:/Xilinx/Vivado/2019.1\lib\classes\batik-anim.jar;C:/Xilinx/Vivado/2019.1\lib\classes\batik-awt-util.jar;C:/Xilinx/Vivado/2019.1\lib\classes\batik-bridge.jar;C:/Xilinx/Vivado/2019.1\lib\classes\batik-codec.jar;C:/Xilinx/Vivado/2019.1\lib\classes\batik-css.jar;C:/Xilinx/Vivado/2019.1\lib\classes\batik-dom.jar;C:/Xilinx/Vivado/2019.1\lib\classes\batik-ext.jar;C:/Xilinx/Vivado/2019.1\lib\classes\batik-gui-util.jar;C:/Xilinx/Vivado/2019.1\lib\classes\batik-gvt.jar;C:/Xilinx/Vivado/2019.1\lib\classes\batik-parser.jar;C:/Xilinx/Vivado/2019.1\lib\classes\batik-script.jar;C:/Xilinx/Vivado/2019.1\lib\classes\batik-svg-dom.jar;C:/Xilinx/Vivado/2019.1\lib\classes\batik-swing.jar;C:/Xilinx/Vivado/2019.1\lib\classes\batik-transcoder.jar;C:/Xilinx/Vivado/2019.1\lib\classes\batik-util.jar;C:/Xilinx/Vivado/2019.1\lib\classes\batik-xml.jar;C:/Xilinx/Vivado/2019.1\lib\classes\com.google.gson_2.7.0.v20170129-0911.jar;C:/Xilinx/Vivado/2019.1\lib\classes\com.google.guava_21.0.0.v20170206-1425.jar;C:/Xilinx/Vivado/2019.1\lib\classes\com.google.inject_3.0.0.v201605172100.jar;C:/Xilinx/Vivado/2019.1\lib\classes\com.ibm.icu_4.4.2.v20110208.jar;C:/Xilinx/Vivado/2019.1\lib\classes\com.sigasi.hdt.annotations.runtime_4.3.0.201903071210.jar;C:/Xilinx/Vivado/2019.1\lib\classes\com.sigasi.hdt.blockdiagram.model_4.3.0.201903071210.jar;C:/Xilinx/Vivado/2019.1\lib\classes\com.sigasi.hdt.connection_4.3.0.201903071210.jar;C:/Xilinx/Vivado/2019.1\lib\classes\com.sigasi.hdt.dependencies.model_4.3.0.201903071210.jar;C:/Xilinx/Vivado/2019.1\lib\classes\com.sigasi.hdt.epl_4.3.0.201903071210.jar;C:/Xilinx/Vivado/2019.1\lib\classes\com.sigasi.hdt.graphics.model_4.3.0.201903071210.jar;C:/Xilinx/Vivado/2019.1\lib\classes\com.sigasi.hdt.project_4.3.0
Launcher Type: generic

Logging:
Log output configuration:
#0: stdout all=warning uptime,level,tags
#1: stderr all=off uptime,level,tags

Environment Variables:
PATH=C:/Xilinx/Vivado/2019.1/bin;C:/Xilinx/Vivado/2019.1/lib/win64.o;C:/Xilinx/Vivado/2019.1/tps/win64/jre9.0.4/bin/server;C:/Xilinx/Vivado/2019.1/tps/win64/jre9.0.4/bin;C:/Xilinx/SDK/2019.1/bin;C:/Xilinx/Vivado/2019.1/ids_lite/ISE/bin/nt64;C:/Xilinx/Vivado/2019.1/ids_lite/ISE/lib/nt64;C:\WINDOWS\system32;C:\WINDOWS;C:\WINDOWS\System32\Wbem;C:\WINDOWS\System32\WindowsPowerShell\v1.0\;C:\WINDOWS\System32\OpenSSH\;C:\ProgramData\chocolatey\bin;C:\Users\jrschlos\AppData\Local\Microsoft\WindowsApps;;C:/Xilinx/Vivado/2019.1\tps\mingw\6.2.0\win64.o\nt\bin;C:/Xilinx/Vivado/2019.1\tps\mingw\6.2.0\win64.o\nt\libexec\gcc\x86_64-w64-mingw32\6.2.0;C:/Xilinx/Vivado/2019.1\tps\win64\python-2.7.5;C:/Xilinx/Vivado/2019.1\tps\win64\python-2.7.5\lib;C:/Xilinx/Vivado/2019.1\tps\win64\python-2.7.5\Lib\lib-tk;C:/Xilinx/Vivado/2019.1\tps\win64\python-2.7.5\lib\site-packages
USERNAME=jrschlos
OS=Windows_NT
PROCESSOR_IDENTIFIER=Intel64 Family 6 Model 23 Stepping 10, GenuineIntel



---------------  S Y S T E M  ---------------

OS: Windows 10 , 64 bit Build 19041 (10.0.19041.1151)

CPU:total 2 (initial active 2) (2 cores per cpu, 1 threads per core) family 6 model 23 stepping 10, cmov, cx8, fxsr, mmx, sse, sse2, sse3, ssse3, sse4.1, tsc

Memory: 4k page, physical 4060764k(1508232k free), swap 6794280k(1180940k free)

vm_info: Java HotSpot(TM) 64-Bit Server VM (9.0.4+11) for windows-amd64 JRE (9.0.4+11), built on Dec 20 2017 02:18:54 by "mach5one" with MS VC++ 12.0 (VS2013)

END.
