INFO: [VRFC 10-2263] Analyzing Verilog file "D:/Lab_3/Lab_3.srcs/sources_1/new/full_adder.v" into library xil_defaultlib
INFO: [VRFC 10-311] analyzing module full_adder
INFO: [VRFC 10-2263] Analyzing Verilog file "D:/Lab_3/Lab_3.srcs/sources_1/new/hex7seg.v" into library xil_defaultlib
INFO: [VRFC 10-311] analyzing module hex7seg
INFO: [VRFC 10-2263] Analyzing Verilog file "D:/Lab_3/Lab_3.srcs/sources_1/new/incrementer.v" into library xil_defaultlib
INFO: [VRFC 10-311] analyzing module incrementer
INFO: [VRFC 10-2263] Analyzing Verilog file "D:/lab3_digsel.v" into library xil_defaultlib
INFO: [VRFC 10-311] analyzing module clk_wiz_0
INFO: [VRFC 10-311] analyzing module clkcntrl4
INFO: [VRFC 10-311] analyzing module lab3_digsel
INFO: [VRFC 10-2458] undeclared symbol clk, assumed default net type wire [D:/lab3_digsel.v:237]
INFO: [VRFC 10-311] analyzing module FTCE_MXILINX_clkcntrl4
INFO: [VRFC 10-311] analyzing module CB4CE_MXILINX_clkcntrl4
INFO: [VRFC 10-2263] Analyzing Verilog file "D:/Lab_3/Lab_3.srcs/sources_1/new/m2_1x8.v" into library xil_defaultlib
INFO: [VRFC 10-311] analyzing module m2_1x8
INFO: [VRFC 10-2263] Analyzing Verilog file "D:/Lab_3/Lab_3.srcs/sources_1/new/m4_1.v" into library xil_defaultlib
INFO: [VRFC 10-311] analyzing module m4_1
INFO: [VRFC 10-2263] Analyzing Verilog file "D:/Lab_3/Lab_3.srcs/sources_1/new/m8_1.v" into library xil_defaultlib
INFO: [VRFC 10-311] analyzing module m8_1
INFO: [VRFC 10-2263] Analyzing Verilog file "D:/Lab_3/Lab_3.srcs/sources_1/new/top_level.v" into library xil_defaultlib
INFO: [VRFC 10-311] analyzing module top_level
INFO: [VRFC 10-2263] Analyzing Verilog file "D:/Lab_3/Lab_3.sim/sim_1/behav/xsim/glbl.v" into library xil_defaultlib
INFO: [VRFC 10-311] analyzing module glbl
