#-----------------------------------------------------------
# Vivado v2019.1 (64-bit)
# SW Build 2552052 on Fri May 24 14:49:42 MDT 2019
# IP Build 2548770 on Fri May 24 18:01:18 MDT 2019
# Start of session at: Tue Oct 26 20:55:44 2021
# Process ID: 6508
# Current directory: D:/lab_4
# Command line: vivado.exe -gui_launcher_event rodinguilauncherevent15848 D:\lab_4\lab_4.xpr
# Log file: D:/lab_4/vivado.log
# Journal file: D:/lab_4\vivado.jou
#-----------------------------------------------------------
start_gui
open_project D:/lab_4/lab_4.xpr
INFO: [Project 1-313] Project file moved from 'C:/Users/jrschlos/Desktop/lab_4/.Xil/Vivado-5844-104PC18/PrjAr/_X_' since last save.
Scanning sources...
Finished scanning sources
INFO: [IP_Flow 19-234] Refreshing IP repositories
INFO: [IP_Flow 19-1704] No user IP repositories specified
INFO: [IP_Flow 19-2313] Loaded Vivado IP repository 'D:/Xilinx/Vivado/2019.1/data/ip'.
open_project: Time (s): cpu = 00:00:10 ; elapsed = 00:00:15 . Memory (MB): peak = 692.980 ; gain = 90.926
update_compile_order -fileset sources_1
exit
INFO: [Common 17-206] Exiting Vivado at Tue Oct 26 21:30:25 2021...
