#-----------------------------------------------------------
# Vivado v2019.1 (64-bit)
# SW Build 2552052 on Fri May 24 14:49:42 MDT 2019
# IP Build 2548770 on Fri May 24 18:01:18 MDT 2019
# Start of session at: Sat Oct 30 20:20:54 2021
# Process ID: 5448
# Current directory: D:/lab_5
# Command line: vivado.exe -gui_launcher_event rodinguilauncherevent7192 D:\lab_5\lab_5.xpr
# Log file: D:/lab_5/vivado.log
# Journal file: D:/lab_5\vivado.jou
#-----------------------------------------------------------
start_gui
open_project D:/lab_5/lab_5.xpr
Scanning sources...
Finished scanning sources
INFO: [IP_Flow 19-234] Refreshing IP repositories
INFO: [IP_Flow 19-1704] No user IP repositories specified
INFO: [IP_Flow 19-2313] Loaded Vivado IP repository 'D:/Xilinx/Vivado/2019.1/data/ip'.
open_project: Time (s): cpu = 00:00:10 ; elapsed = 00:00:14 . Memory (MB): peak = 691.824 ; gain = 105.031
update_compile_order -fileset sources_1
export_ip_user_files -of_objects  [get_files D:/lab_5/lab_5.srcs/sources_1/new/time_counter.v] -no_script -reset -force -quiet
remove_files  D:/lab_5/lab_5.srcs/sources_1/new/time_counter.v
file delete -force D:/lab_5/lab_5.srcs/sources_1/new/time_counter.v
close [ open D:/lab_5/lab_5.srcs/sources_1/new/eight_bit_counter.v w ]
add_files D:/lab_5/lab_5.srcs/sources_1/new/eight_bit_counter.v
update_compile_order -fileset sources_1
export_ip_user_files -of_objects  [get_files D:/lab_5/lab_5.srcs/sources_1/new/game_counter.v] -no_script -reset -force -quiet
remove_files  D:/lab_5/lab_5.srcs/sources_1/new/game_counter.v
file delete -force D:/lab_5/lab_5.srcs/sources_1/new/game_counter.v
export_ip_user_files -of_objects  [get_files D:/lab_4/lab_4.srcs/sources_1/new/sixteen_bit_counter.v] -no_script -reset -force -quiet
remove_files  D:/lab_4/lab_4.srcs/sources_1/new/sixteen_bit_counter.v
update_compile_order -fileset sources_1
update_compile_order -fileset sources_1
add_files -norecurse {D:/lab_4/lab_4.srcs/sources_1/new/selector.v D:/lab_4/lab_4.srcs/sources_1/new/ring_counter.v D:/lab_4/lab_4.srcs/sources_1/imports/Lab_3/Lab_3.srcs/sources_1/new/hex7seg.v}
update_compile_order -fileset sources_1
close [ open D:/lab_5/lab_5.srcs/sources_1/new/state_machine.v w ]
add_files D:/lab_5/lab_5.srcs/sources_1/new/state_machine.v
update_compile_order -fileset sources_1
close [ open D:/lab_5/lab_5.srcs/sources_1/new/top_level.v w ]
add_files D:/lab_5/lab_5.srcs/sources_1/new/top_level.v
update_compile_order -fileset sources_1
add_files -norecurse D:/lab5_clks.v
update_compile_order -fileset sources_1
