#-----------------------------------------------------------
# Vivado v2019.1 (64-bit)
# SW Build 2552052 on Fri May 24 14:49:42 MDT 2019
# IP Build 2548770 on Fri May 24 18:01:18 MDT 2019
# Start of session at: Thu Nov 11 08:38:10 2021
# Process ID: 17088
# Current directory: D:/lab_5
# Command line: vivado.exe -gui_launcher_event rodinguilauncherevent9708 D:\lab_5\lab_5.xpr
# Log file: D:/lab_5/vivado.log
# Journal file: D:/lab_5\vivado.jou
#-----------------------------------------------------------
start_gui
open_project D:/lab_5/lab_5.xpr
INFO: [Project 1-313] Project file moved from 'C:/Users/jrschlos/Desktop/lab_5/.Xil/Vivado-9068-104PC11/PrjAr/_X_' since last save.
Scanning sources...
Finished scanning sources
INFO: [IP_Flow 19-234] Refreshing IP repositories
INFO: [IP_Flow 19-1704] No user IP repositories specified
INFO: [IP_Flow 19-2313] Loaded Vivado IP repository 'D:/Xilinx/Vivado/2019.1/data/ip'.
open_project: Time (s): cpu = 00:00:10 ; elapsed = 00:00:16 . Memory (MB): peak = 692.223 ; gain = 93.492
update_compile_order -fileset sources_1
set_property top state_machine_testbench [get_filesets sim_1]
set_property top_lib xil_defaultlib [get_filesets sim_1]
update_compile_order -fileset sim_1
launch_simulation
INFO: [Vivado 12-5682] Launching behavioral simulation in 'D:/lab_5/lab_5.sim/sim_1/behav/xsim'
INFO: [SIM-utils-51] Simulation object is 'sim_1'
INFO: [SIM-utils-54] Inspecting design source files for 'state_machine_testbench' in fileset 'sim_1'...
INFO: [USF-XSim-97] Finding global include files...
INFO: [USF-XSim-98] Fetching design files from 'sim_1'...
INFO: [USF-XSim-2] XSim::Compile design
INFO: [USF-XSim-61] Executing 'COMPILE and ANALYZE' step in 'D:/lab_5/lab_5.sim/sim_1/behav/xsim'
"xvlog --incr --relax -prj state_machine_testbench_vlog.prj"
INFO: [VRFC 10-2263] Analyzing Verilog file "D:/lab_5/lab_5.srcs/sources_1/new/state_machine.v" into library xil_defaultlib
INFO: [VRFC 10-311] analyzing module state_machine
INFO: [VRFC 10-2263] Analyzing Verilog file "D:/lab_5/lab_5.srcs/sim_1/imports/Desktop/state_machine_testbench.v" into library xil_defaultlib
INFO: [VRFC 10-311] analyzing module state_machine_testbench
INFO: [VRFC 10-2263] Analyzing Verilog file "D:/lab_5/lab_5.sim/sim_1/behav/xsim/glbl.v" into library xil_defaultlib
INFO: [VRFC 10-311] analyzing module glbl
INFO: [USF-XSim-69] 'compile' step finished in '2' seconds
INFO: [USF-XSim-3] XSim::Elaborate design
INFO: [USF-XSim-61] Executing 'ELABORATE' step in 'D:/lab_5/lab_5.sim/sim_1/behav/xsim'
"xelab -wto ba86da05697544ebae29941ec86b79ed --incr --debug typical --relax --mt 2 -L xil_defaultlib -L unisims_ver -L unimacro_ver -L secureip --snapshot state_machine_testbench_behav xil_defaultlib.state_machine_testbench xil_defaultlib.glbl -log elaborate.log"
Vivado Simulator 2019.1
Copyright 1986-1999, 2001-2019 Xilinx, Inc. All Rights Reserved.
Running: D:/Xilinx/Vivado/2019.1/bin/unwrapped/win64.o/xelab.exe -wto ba86da05697544ebae29941ec86b79ed --incr --debug typical --relax --mt 2 -L xil_defaultlib -L unisims_ver -L unimacro_ver -L secureip --snapshot state_machine_testbench_behav xil_defaultlib.state_machine_testbench xil_defaultlib.glbl -log elaborate.log 
Using 2 slave threads.
Starting static elaboration
WARNING: [VRFC 10-3091] actual bit length 6 differs from formal bit length 8 for port 'lb' [D:/lab_5/lab_5.srcs/sim_1/imports/Desktop/state_machine_testbench.v:23]
Completed static elaboration
Starting simulation data flow analysis
Completed simulation data flow analysis
Time Resolution for simulation is 1ps
Compiling module unisims_ver.FDRE(INIT=1'b1)
Compiling module unisims_ver.FDRE_default
Compiling module xil_defaultlib.state_machine
Compiling module xil_defaultlib.state_machine_testbench
Compiling module xil_defaultlib.glbl
Built simulation snapshot state_machine_testbench_behav

****** Webtalk v2019.1 (64-bit)
  **** SW Build 2552052 on Fri May 24 14:49:42 MDT 2019
  **** IP Build 2548770 on Fri May 24 18:01:18 MDT 2019
    ** Copyright 1986-2019 Xilinx, Inc. All Rights Reserved.

source D:/lab_5/lab_5.sim/sim_1/behav/xsim/xsim.dir/state_machine_testbench_behav/webtalk/xsim_webtalk.tcl -notrace
INFO: [Common 17-186] 'D:/lab_5/lab_5.sim/sim_1/behav/xsim/xsim.dir/state_machine_testbench_behav/webtalk/usage_statistics_ext_xsim.xml' has been successfully sent to Xilinx on Thu Nov 11 08:39:51 2021. For additional details about this file, please refer to the WebTalk help file at D:/Xilinx/Vivado/2019.1/doc/webtalk_introduction.html.
INFO: [Common 17-206] Exiting Webtalk at Thu Nov 11 08:39:51 2021...
run_program: Time (s): cpu = 00:00:01 ; elapsed = 00:00:09 . Memory (MB): peak = 741.844 ; gain = 0.000
INFO: [USF-XSim-69] 'elaborate' step finished in '9' seconds
INFO: [USF-XSim-4] XSim::Simulate design
INFO: [USF-XSim-61] Executing 'SIMULATE' step in 'D:/lab_5/lab_5.sim/sim_1/behav/xsim'
INFO: [USF-XSim-98] *** Running xsim
   with args "state_machine_testbench_behav -key {Behavioral:sim_1:Functional:state_machine_testbench} -tclbatch {state_machine_testbench.tcl} -log {simulate.log}"
INFO: [USF-XSim-8] Loading simulator feature
Vivado Simulator 2019.1
Time resolution is 1 ps
source state_machine_testbench.tcl
# set curr_wave [current_wave_config]
# if { [string length $curr_wave] == 0 } {
#   if { [llength [get_objects]] > 0} {
#     add_wave /
#     set_property needs_save false [current_wave_config]
#   } else {
#      send_msg_id Add_Wave-1 WARNING "No top level signals found. Simulator will start without a wave window. If you want to open a wave window go to 'File->New Waveform Configuration' or type 'create_wave_config' in the TCL console."
#   }
# }
# run 1000ns
INFO: [USF-XSim-96] XSim completed. Design snapshot 'state_machine_testbench_behav' loaded.
INFO: [USF-XSim-97] XSim simulation ran for 1000ns
launch_simulation: Time (s): cpu = 00:00:10 ; elapsed = 00:00:16 . Memory (MB): peak = 764.508 ; gain = 22.664
run 10 us
close_sim
INFO: [Simtcl 6-16] Simulation closed
set_property top top_level_sim [get_filesets sim_1]
set_property top_lib xil_defaultlib [get_filesets sim_1]
update_compile_order -fileset sim_1
launch_simulation
INFO: [Vivado 12-5682] Launching behavioral simulation in 'D:/lab_5/lab_5.sim/sim_1/behav/xsim'
INFO: [SIM-utils-51] Simulation object is 'sim_1'
INFO: [SIM-utils-54] Inspecting design source files for 'top_level_sim' in fileset 'sim_1'...
INFO: [USF-XSim-97] Finding global include files...
INFO: [USF-XSim-98] Fetching design files from 'sim_1'...
INFO: [USF-XSim-2] XSim::Compile design
INFO: [USF-XSim-61] Executing 'COMPILE and ANALYZE' step in 'D:/lab_5/lab_5.sim/sim_1/behav/xsim'
"xvlog --incr --relax -prj top_level_sim_vlog.prj"
INFO: [VRFC 10-2263] Analyzing Verilog file "D:/lab_5/lab_5.srcs/sources_1/new/LED_shifter.v" into library xil_defaultlib
INFO: [VRFC 10-311] analyzing module LED_shifter
INFO: [VRFC 10-2263] Analyzing Verilog file "D:/lab_5/lab_5.srcs/sources_1/imports/lab_4/lab_4.srcs/sources_1/new/counter.v" into library xil_defaultlib
INFO: [VRFC 10-311] analyzing module counter
INFO: [VRFC 10-2263] Analyzing Verilog file "D:/lab_5/lab_5.srcs/sources_1/imports/Desktop/lab_4/lab_4.srcs/sources_1/new/edge_detector.v" into library xil_defaultlib
INFO: [VRFC 10-311] analyzing module edge_detector
INFO: [VRFC 10-2263] Analyzing Verilog file "D:/lab_5/lab_5.srcs/sources_1/new/eight_bit_counter.v" into library xil_defaultlib
INFO: [VRFC 10-311] analyzing module eight_bit_counter
INFO: [VRFC 10-2263] Analyzing Verilog file "D:/lab_5/lab_5.srcs/sources_1/imports/lab_4/lab_4.srcs/sources_1/imports/Lab_3/Lab_3.srcs/sources_1/new/hex7seg.v" into library xil_defaultlib
INFO: [VRFC 10-311] analyzing module hex7seg
INFO: [VRFC 10-2263] Analyzing Verilog file "D:/lab_5/lab_5.srcs/sources_1/imports/lab5_clks.v" into library xil_defaultlib
INFO: [VRFC 10-311] analyzing module lab5_clks
INFO: [VRFC 10-311] analyzing module clk_wiz_0
INFO: [VRFC 10-311] analyzing module clkcntrl4
INFO: [VRFC 10-2458] undeclared symbol XLXN_78, assumed default net type wire [D:/lab_5/lab_5.srcs/sources_1/imports/lab5_clks.v:247]
INFO: [VRFC 10-2458] undeclared symbol qsec0, assumed default net type wire [D:/lab_5/lab_5.srcs/sources_1/imports/lab5_clks.v:268]
INFO: [VRFC 10-2458] undeclared symbol qsec2, assumed default net type wire [D:/lab_5/lab_5.srcs/sources_1/imports/lab5_clks.v:269]
INFO: [VRFC 10-2458] undeclared symbol qsec3, assumed default net type wire [D:/lab_5/lab_5.srcs/sources_1/imports/lab5_clks.v:278]
INFO: [VRFC 10-311] analyzing module FTCE_MXILINX_clkcntrl4
INFO: [VRFC 10-311] analyzing module CB4CE_MXILINX_clkcntrl4
INFO: [VRFC 10-2263] Analyzing Verilog file "D:/lab_5/lab_5.srcs/sources_1/imports/Desktop/lab_4/lab_4.srcs/sources_1/imports/Lab_3/Lab_3.srcs/sources_1/new/m8_1.v" into library xil_defaultlib
INFO: [VRFC 10-311] analyzing module m8_1
INFO: [VRFC 10-2263] Analyzing Verilog file "D:/lab_5/lab_5.srcs/sources_1/new/random_number_gen.v" into library xil_defaultlib
INFO: [VRFC 10-311] analyzing module random_number_gen
INFO: [VRFC 10-2263] Analyzing Verilog file "D:/lab_5/lab_5.srcs/sources_1/imports/lab_4/lab_4.srcs/sources_1/new/ring_counter.v" into library xil_defaultlib
INFO: [VRFC 10-311] analyzing module ring_counter
INFO: [VRFC 10-2263] Analyzing Verilog file "D:/lab_5/lab_5.srcs/sources_1/imports/lab_4/lab_4.srcs/sources_1/new/selector.v" into library xil_defaultlib
INFO: [VRFC 10-311] analyzing module selector
INFO: [VRFC 10-2263] Analyzing Verilog file "D:/lab_5/lab_5.srcs/sources_1/new/state_machine.v" into library xil_defaultlib
INFO: [VRFC 10-311] analyzing module state_machine
INFO: [VRFC 10-2263] Analyzing Verilog file "D:/lab_5/lab_5.srcs/sources_1/new/top_level.v" into library xil_defaultlib
INFO: [VRFC 10-311] analyzing module top_level
WARNING: [VRFC 10-3676] redeclaration of ansi port 'led' is not allowed [D:/lab_5/lab_5.srcs/sources_1/new/top_level.v:40]
INFO: [VRFC 10-2263] Analyzing Verilog file "D:/lab_5/lab_5.srcs/sim_1/new/top_level_sim.v" into library xil_defaultlib
INFO: [VRFC 10-311] analyzing module top_level_sim
INFO: [VRFC 10-311] analyzing module show_7segDisplay
INFO: [USF-XSim-69] 'compile' step finished in '1' seconds
INFO: [USF-XSim-3] XSim::Elaborate design
INFO: [USF-XSim-61] Executing 'ELABORATE' step in 'D:/lab_5/lab_5.sim/sim_1/behav/xsim'
"xelab -wto ba86da05697544ebae29941ec86b79ed --incr --debug typical --relax --mt 2 -L xil_defaultlib -L unisims_ver -L unimacro_ver -L secureip --snapshot top_level_sim_behav xil_defaultlib.top_level_sim xil_defaultlib.glbl -log elaborate.log"
Vivado Simulator 2019.1
Copyright 1986-1999, 2001-2019 Xilinx, Inc. All Rights Reserved.
Running: D:/Xilinx/Vivado/2019.1/bin/unwrapped/win64.o/xelab.exe -wto ba86da05697544ebae29941ec86b79ed --incr --debug typical --relax --mt 2 -L xil_defaultlib -L unisims_ver -L unimacro_ver -L secureip --snapshot top_level_sim_behav xil_defaultlib.top_level_sim xil_defaultlib.glbl -log elaborate.log 
Using 2 slave threads.
Starting static elaboration
WARNING: [VRFC 10-3091] actual bit length 6 differs from formal bit length 8 for port 'lb' [D:/lab_5/lab_5.srcs/sources_1/new/top_level.v:70]
Completed static elaboration
Starting simulation data flow analysis
Completed simulation data flow analysis
Time Resolution for simulation is 1ps
Compiling module unisims_ver.FDRE_default
Compiling module xil_defaultlib.counter
Compiling module xil_defaultlib.eight_bit_counter
Compiling module unisims_ver.FDRE(INIT=1'b1)
Compiling module xil_defaultlib.random_number_gen
Compiling module xil_defaultlib.state_machine
Compiling module xil_defaultlib.ring_counter
Compiling module xil_defaultlib.edge_detector
Compiling module xil_defaultlib.LED_shifter
Compiling module unisims_ver.IBUF
Compiling module unisims_ver.MMCME2_ADV(CLKFBOUT_MULT_F=9.125...
Compiling module unisims_ver.BUFG
Compiling module xil_defaultlib.clk_wiz_0
Compiling module unisims_ver.GND
Compiling module unisims_ver.x_lut2_mux4
Compiling module unisims_ver.LUT2
Compiling module unisims_ver.XOR2
Compiling module unisims_ver.FDCE_default
Compiling module xil_defaultlib.FTCE_MXILINX_clkcntrl4
Compiling module unisims_ver.LUT4
Compiling module unisims_ver.AND4
Compiling module unisims_ver.x_lut3_mux8
Compiling module unisims_ver.LUT3
Compiling module unisims_ver.AND3
Compiling module unisims_ver.AND2
Compiling module unisims_ver.VCC
Compiling module xil_defaultlib.CB4CE_MXILINX_clkcntrl4
Compiling module unisims_ver.BUF
Compiling module xil_defaultlib.clkcntrl4
Compiling module unisims_ver.STARTUPE2
Compiling module xil_defaultlib.lab5_clks
Compiling module xil_defaultlib.selector
Compiling module xil_defaultlib.m8_1
Compiling module xil_defaultlib.hex7seg
Compiling module xil_defaultlib.top_level
Compiling module xil_defaultlib.show_7segDisplay
Compiling module xil_defaultlib.top_level_sim
Compiling module xil_defaultlib.glbl
Built simulation snapshot top_level_sim_behav

****** Webtalk v2019.1 (64-bit)
  **** SW Build 2552052 on Fri May 24 14:49:42 MDT 2019
  **** IP Build 2548770 on Fri May 24 18:01:18 MDT 2019
    ** Copyright 1986-2019 Xilinx, Inc. All Rights Reserved.

source D:/lab_5/lab_5.sim/sim_1/behav/xsim/xsim.dir/top_level_sim_behav/webtalk/xsim_webtalk.tcl -notrace
INFO: [Common 17-186] 'D:/lab_5/lab_5.sim/sim_1/behav/xsim/xsim.dir/top_level_sim_behav/webtalk/usage_statistics_ext_xsim.xml' has been successfully sent to Xilinx on Thu Nov 11 09:01:03 2021. For additional details about this file, please refer to the WebTalk help file at D:/Xilinx/Vivado/2019.1/doc/webtalk_introduction.html.
INFO: [Common 17-206] Exiting Webtalk at Thu Nov 11 09:01:03 2021...
run_program: Time (s): cpu = 00:00:00 ; elapsed = 00:00:07 . Memory (MB): peak = 766.129 ; gain = 0.000
INFO: [USF-XSim-69] 'elaborate' step finished in '7' seconds
INFO: [USF-XSim-4] XSim::Simulate design
INFO: [USF-XSim-61] Executing 'SIMULATE' step in 'D:/lab_5/lab_5.sim/sim_1/behav/xsim'
INFO: [USF-XSim-98] *** Running xsim
   with args "top_level_sim_behav -key {Behavioral:sim_1:Functional:top_level_sim} -tclbatch {top_level_sim.tcl} -log {simulate.log}"
INFO: [USF-XSim-8] Loading simulator feature
Vivado Simulator 2019.1
Time resolution is 1 ps
source top_level_sim.tcl
# set curr_wave [current_wave_config]
# if { [string length $curr_wave] == 0 } {
#   if { [llength [get_objects]] > 0} {
#     add_wave /
#     set_property needs_save false [current_wave_config]
#   } else {
#      send_msg_id Add_Wave-1 WARNING "No top level signals found. Simulator will start without a wave window. If you want to open a wave window go to 'File->New Waveform Configuration' or type 'create_wave_config' in the TCL console."
#   }
# }
# run 1000ns
INFO: [USF-XSim-96] XSim completed. Design snapshot 'top_level_sim_behav' loaded.
INFO: [USF-XSim-97] XSim simulation ran for 1000ns
launch_simulation: Time (s): cpu = 00:00:04 ; elapsed = 00:00:11 . Memory (MB): peak = 766.129 ; gain = 0.000
run 10 us
run 10 us
run 10 us
run 10 us
close_sim
INFO: [Simtcl 6-16] Simulation closed
synth_design -rtl -name rtl_1
Command: synth_design -rtl -name rtl_1
Starting synth_design
Using part: xc7a35tcpg236-1
Top: top_level
INFO: [Device 21-403] Loading part xc7a35tcpg236-1
WARNING: [Synth 8-2611] redeclaration of ansi port led is not allowed [D:/lab_5/lab_5.srcs/sources_1/new/top_level.v:40]
---------------------------------------------------------------------------------
Starting RTL Elaboration : Time (s): cpu = 00:00:03 ; elapsed = 00:00:04 . Memory (MB): peak = 1265.473 ; gain = 175.250
---------------------------------------------------------------------------------
INFO: [Synth 8-6157] synthesizing module 'top_level' [D:/lab_5/lab_5.srcs/sources_1/new/top_level.v:23]
INFO: [Synth 8-6157] synthesizing module 'eight_bit_counter' [D:/lab_5/lab_5.srcs/sources_1/new/eight_bit_counter.v:23]
INFO: [Synth 8-6157] synthesizing module 'counter' [D:/lab_5/lab_5.srcs/sources_1/imports/lab_4/lab_4.srcs/sources_1/new/counter.v:23]
INFO: [Synth 8-6157] synthesizing module 'FDRE' [D:/Xilinx/Vivado/2019.1/scripts/rt/data/unisim_comp.v:13664]
	Parameter INIT bound to: 1'b0 
	Parameter IS_C_INVERTED bound to: 1'b0 
	Parameter IS_D_INVERTED bound to: 1'b0 
	Parameter IS_R_INVERTED bound to: 1'b0 
INFO: [Synth 8-6155] done synthesizing module 'FDRE' (1#1) [D:/Xilinx/Vivado/2019.1/scripts/rt/data/unisim_comp.v:13664]
INFO: [Synth 8-6155] done synthesizing module 'counter' (2#1) [D:/lab_5/lab_5.srcs/sources_1/imports/lab_4/lab_4.srcs/sources_1/new/counter.v:23]
INFO: [Synth 8-6155] done synthesizing module 'eight_bit_counter' (3#1) [D:/lab_5/lab_5.srcs/sources_1/new/eight_bit_counter.v:23]
INFO: [Synth 8-6157] synthesizing module 'random_number_gen' [D:/lab_5/lab_5.srcs/sources_1/new/random_number_gen.v:23]
INFO: [Synth 8-6157] synthesizing module 'FDRE__parameterized0' [D:/Xilinx/Vivado/2019.1/scripts/rt/data/unisim_comp.v:13664]
	Parameter INIT bound to: 1'b1 
	Parameter IS_C_INVERTED bound to: 1'b0 
	Parameter IS_D_INVERTED bound to: 1'b0 
	Parameter IS_R_INVERTED bound to: 1'b0 
INFO: [Synth 8-6155] done synthesizing module 'FDRE__parameterized0' (3#1) [D:/Xilinx/Vivado/2019.1/scripts/rt/data/unisim_comp.v:13664]
INFO: [Synth 8-6155] done synthesizing module 'random_number_gen' (4#1) [D:/lab_5/lab_5.srcs/sources_1/new/random_number_gen.v:23]
INFO: [Synth 8-6157] synthesizing module 'state_machine' [D:/lab_5/lab_5.srcs/sources_1/new/state_machine.v:23]
INFO: [Synth 8-6155] done synthesizing module 'state_machine' (5#1) [D:/lab_5/lab_5.srcs/sources_1/new/state_machine.v:23]
INFO: [Synth 8-6157] synthesizing module 'ring_counter' [D:/lab_5/lab_5.srcs/sources_1/imports/lab_4/lab_4.srcs/sources_1/new/ring_counter.v:23]
INFO: [Synth 8-6155] done synthesizing module 'ring_counter' (6#1) [D:/lab_5/lab_5.srcs/sources_1/imports/lab_4/lab_4.srcs/sources_1/new/ring_counter.v:23]
WARNING: [Synth 8-7023] instance 'ring_counter' of module 'ring_counter' has 4 connections declared, but only 3 given [D:/lab_5/lab_5.srcs/sources_1/new/top_level.v:81]
INFO: [Synth 8-6157] synthesizing module 'edge_detector' [D:/lab_5/lab_5.srcs/sources_1/imports/Desktop/lab_4/lab_4.srcs/sources_1/new/edge_detector.v:23]
INFO: [Synth 8-6155] done synthesizing module 'edge_detector' (7#1) [D:/lab_5/lab_5.srcs/sources_1/imports/Desktop/lab_4/lab_4.srcs/sources_1/new/edge_detector.v:23]
INFO: [Synth 8-6157] synthesizing module 'LED_shifter' [D:/lab_5/lab_5.srcs/sources_1/new/LED_shifter.v:23]
INFO: [Synth 8-6155] done synthesizing module 'LED_shifter' (8#1) [D:/lab_5/lab_5.srcs/sources_1/new/LED_shifter.v:23]
INFO: [Synth 8-6157] synthesizing module 'lab5_clks' [D:/lab_5/lab_5.srcs/sources_1/imports/lab5_clks.v:24]
INFO: [Synth 8-6157] synthesizing module 'clk_wiz_0' [D:/lab_5/lab_5.srcs/sources_1/imports/lab5_clks.v:57]
INFO: [Synth 8-6157] synthesizing module 'IBUF' [D:/Xilinx/Vivado/2019.1/scripts/rt/data/unisim_comp.v:32856]
	Parameter CAPACITANCE bound to: DONT_CARE - type: string 
	Parameter IBUF_DELAY_VALUE bound to: 0 - type: string 
	Parameter IBUF_LOW_PWR bound to: TRUE - type: string 
	Parameter IFD_DELAY_VALUE bound to: AUTO - type: string 
	Parameter IOSTANDARD bound to: DEFAULT - type: string 
INFO: [Synth 8-6155] done synthesizing module 'IBUF' (9#1) [D:/Xilinx/Vivado/2019.1/scripts/rt/data/unisim_comp.v:32856]
INFO: [Synth 8-6157] synthesizing module 'MMCME2_ADV' [D:/Xilinx/Vivado/2019.1/scripts/rt/data/unisim_comp.v:39813]
	Parameter BANDWIDTH bound to: OPTIMIZED - type: string 
	Parameter CLKFBOUT_MULT_F bound to: 9.125000 - type: float 
	Parameter CLKFBOUT_PHASE bound to: 0.000000 - type: float 
	Parameter CLKFBOUT_USE_FINE_PS bound to: FALSE - type: string 
	Parameter CLKIN1_PERIOD bound to: 10.000000 - type: float 
	Parameter CLKIN2_PERIOD bound to: 0.000000 - type: float 
	Parameter CLKOUT0_DIVIDE_F bound to: 36.500000 - type: float 
	Parameter CLKOUT0_DUTY_CYCLE bound to: 0.500000 - type: float 
	Parameter CLKOUT0_PHASE bound to: 0.000000 - type: float 
	Parameter CLKOUT0_USE_FINE_PS bound to: FALSE - type: string 
	Parameter CLKOUT1_DIVIDE bound to: 1 - type: integer 
	Parameter CLKOUT1_DUTY_CYCLE bound to: 0.500000 - type: float 
	Parameter CLKOUT1_PHASE bound to: 0.000000 - type: float 
	Parameter CLKOUT1_USE_FINE_PS bound to: FALSE - type: string 
	Parameter CLKOUT2_DIVIDE bound to: 1 - type: integer 
	Parameter CLKOUT2_DUTY_CYCLE bound to: 0.500000 - type: float 
	Parameter CLKOUT2_PHASE bound to: 0.000000 - type: float 
	Parameter CLKOUT2_USE_FINE_PS bound to: FALSE - type: string 
	Parameter CLKOUT3_DIVIDE bound to: 1 - type: integer 
	Parameter CLKOUT3_DUTY_CYCLE bound to: 0.500000 - type: float 
	Parameter CLKOUT3_PHASE bound to: 0.000000 - type: float 
	Parameter CLKOUT3_USE_FINE_PS bound to: FALSE - type: string 
	Parameter CLKOUT4_CASCADE bound to: FALSE - type: string 
	Parameter CLKOUT4_DIVIDE bound to: 1 - type: integer 
	Parameter CLKOUT4_DUTY_CYCLE bound to: 0.500000 - type: float 
	Parameter CLKOUT4_PHASE bound to: 0.000000 - type: float 
	Parameter CLKOUT4_USE_FINE_PS bound to: FALSE - type: string 
	Parameter CLKOUT5_DIVIDE bound to: 1 - type: integer 
	Parameter CLKOUT5_DUTY_CYCLE bound to: 0.500000 - type: float 
	Parameter CLKOUT5_PHASE bound to: 0.000000 - type: float 
	Parameter CLKOUT5_USE_FINE_PS bound to: FALSE - type: string 
	Parameter CLKOUT6_DIVIDE bound to: 1 - type: integer 
	Parameter CLKOUT6_DUTY_CYCLE bound to: 0.500000 - type: float 
	Parameter CLKOUT6_PHASE bound to: 0.000000 - type: float 
	Parameter CLKOUT6_USE_FINE_PS bound to: FALSE - type: string 
	Parameter COMPENSATION bound to: ZHOLD - type: string 
	Parameter DIVCLK_DIVIDE bound to: 1 - type: integer 
	Parameter IS_CLKINSEL_INVERTED bound to: 1'b0 
	Parameter IS_PSEN_INVERTED bound to: 1'b0 
	Parameter IS_PSINCDEC_INVERTED bound to: 1'b0 
	Parameter IS_PWRDWN_INVERTED bound to: 1'b0 
	Parameter IS_RST_INVERTED bound to: 1'b0 
	Parameter REF_JITTER1 bound to: 0.010000 - type: float 
	Parameter REF_JITTER2 bound to: 0.010000 - type: float 
	Parameter SS_EN bound to: FALSE - type: string 
	Parameter SS_MODE bound to: CENTER_HIGH - type: string 
	Parameter SS_MOD_PERIOD bound to: 10000 - type: integer 
	Parameter STARTUP_WAIT bound to: FALSE - type: string 
INFO: [Synth 8-6155] done synthesizing module 'MMCME2_ADV' (10#1) [D:/Xilinx/Vivado/2019.1/scripts/rt/data/unisim_comp.v:39813]
INFO: [Synth 8-6157] synthesizing module 'BUFG' [D:/Xilinx/Vivado/2019.1/scripts/rt/data/unisim_comp.v:1075]
INFO: [Synth 8-6155] done synthesizing module 'BUFG' (11#1) [D:/Xilinx/Vivado/2019.1/scripts/rt/data/unisim_comp.v:1075]
INFO: [Synth 8-6155] done synthesizing module 'clk_wiz_0' (12#1) [D:/lab_5/lab_5.srcs/sources_1/imports/lab5_clks.v:57]
INFO: [Synth 8-6157] synthesizing module 'clkcntrl4' [D:/lab_5/lab_5.srcs/sources_1/imports/lab5_clks.v:190]
INFO: [Synth 8-6157] synthesizing module 'GND' [D:/Xilinx/Vivado/2019.1/scripts/rt/data/unisim_comp.v:14643]
INFO: [Synth 8-6155] done synthesizing module 'GND' (13#1) [D:/Xilinx/Vivado/2019.1/scripts/rt/data/unisim_comp.v:14643]
INFO: [Synth 8-6157] synthesizing module 'CB4CE_MXILINX_clkcntrl4' [D:/lab_5/lab_5.srcs/sources_1/imports/lab5_clks.v:328]
INFO: [Synth 8-6157] synthesizing module 'FTCE_MXILINX_clkcntrl4' [D:/lab_5/lab_5.srcs/sources_1/imports/lab5_clks.v:298]
	Parameter INIT bound to: 1'b0 
INFO: [Synth 8-6157] synthesizing module 'XOR2' [D:/Xilinx/Vivado/2019.1/scripts/rt/data/unisim_comp.v:81988]
INFO: [Synth 8-6155] done synthesizing module 'XOR2' (14#1) [D:/Xilinx/Vivado/2019.1/scripts/rt/data/unisim_comp.v:81988]
INFO: [Synth 8-6157] synthesizing module 'FDCE' [D:/Xilinx/Vivado/2019.1/scripts/rt/data/unisim_comp.v:13448]
	Parameter INIT bound to: 1'b0 
	Parameter IS_CLR_INVERTED bound to: 1'b0 
	Parameter IS_C_INVERTED bound to: 1'b0 
	Parameter IS_D_INVERTED bound to: 1'b0 
INFO: [Synth 8-6155] done synthesizing module 'FDCE' (15#1) [D:/Xilinx/Vivado/2019.1/scripts/rt/data/unisim_comp.v:13448]
INFO: [Synth 8-6155] done synthesizing module 'FTCE_MXILINX_clkcntrl4' (16#1) [D:/lab_5/lab_5.srcs/sources_1/imports/lab5_clks.v:298]
INFO: [Synth 8-6157] synthesizing module 'AND4' [D:/Xilinx/Vivado/2019.1/scripts/rt/data/unisim_comp.v:562]
INFO: [Synth 8-6155] done synthesizing module 'AND4' (17#1) [D:/Xilinx/Vivado/2019.1/scripts/rt/data/unisim_comp.v:562]
INFO: [Synth 8-6157] synthesizing module 'AND3' [D:/Xilinx/Vivado/2019.1/scripts/rt/data/unisim_comp.v:514]
INFO: [Synth 8-6155] done synthesizing module 'AND3' (18#1) [D:/Xilinx/Vivado/2019.1/scripts/rt/data/unisim_comp.v:514]
INFO: [Synth 8-6157] synthesizing module 'AND2' [D:/Xilinx/Vivado/2019.1/scripts/rt/data/unisim_comp.v:466]
INFO: [Synth 8-6155] done synthesizing module 'AND2' (19#1) [D:/Xilinx/Vivado/2019.1/scripts/rt/data/unisim_comp.v:466]
INFO: [Synth 8-6157] synthesizing module 'VCC' [D:/Xilinx/Vivado/2019.1/scripts/rt/data/unisim_comp.v:81391]
INFO: [Synth 8-6155] done synthesizing module 'VCC' (20#1) [D:/Xilinx/Vivado/2019.1/scripts/rt/data/unisim_comp.v:81391]
INFO: [Synth 8-6155] done synthesizing module 'CB4CE_MXILINX_clkcntrl4' (21#1) [D:/lab_5/lab_5.srcs/sources_1/imports/lab5_clks.v:328]
INFO: [Synth 8-6157] synthesizing module 'BUF' [D:/Xilinx/Vivado/2019.1/scripts/rt/data/unisim_comp.v:1021]
INFO: [Synth 8-6155] done synthesizing module 'BUF' (22#1) [D:/Xilinx/Vivado/2019.1/scripts/rt/data/unisim_comp.v:1021]
INFO: [Synth 8-6155] done synthesizing module 'clkcntrl4' (23#1) [D:/lab_5/lab_5.srcs/sources_1/imports/lab5_clks.v:190]
WARNING: [Synth 8-4446] all outputs are unconnected for this instance and logic may be removed [D:/lab_5/lab_5.srcs/sources_1/imports/lab5_clks.v:40]
INFO: [Synth 8-6157] synthesizing module 'STARTUPE2' [D:/Xilinx/Vivado/2019.1/scripts/rt/data/unisim_comp.v:77870]
	Parameter PROG_USR bound to: FALSE - type: string 
	Parameter SIM_CCLK_FREQ bound to: 0.000000 - type: float 
INFO: [Synth 8-6155] done synthesizing module 'STARTUPE2' (24#1) [D:/Xilinx/Vivado/2019.1/scripts/rt/data/unisim_comp.v:77870]
INFO: [Synth 8-6155] done synthesizing module 'lab5_clks' (25#1) [D:/lab_5/lab_5.srcs/sources_1/imports/lab5_clks.v:24]
WARNING: [Synth 8-7023] instance 'slowit' of module 'lab5_clks' has 6 connections declared, but only 5 given [D:/lab_5/lab_5.srcs/sources_1/new/top_level.v:88]
INFO: [Synth 8-6157] synthesizing module 'selector' [D:/lab_5/lab_5.srcs/sources_1/imports/lab_4/lab_4.srcs/sources_1/new/selector.v:23]
INFO: [Synth 8-6155] done synthesizing module 'selector' (26#1) [D:/lab_5/lab_5.srcs/sources_1/imports/lab_4/lab_4.srcs/sources_1/new/selector.v:23]
INFO: [Synth 8-6157] synthesizing module 'hex7seg' [D:/lab_5/lab_5.srcs/sources_1/imports/lab_4/lab_4.srcs/sources_1/imports/Lab_3/Lab_3.srcs/sources_1/new/hex7seg.v:23]
INFO: [Synth 8-6157] synthesizing module 'm8_1' [D:/lab_5/lab_5.srcs/sources_1/imports/Desktop/lab_4/lab_4.srcs/sources_1/imports/Lab_3/Lab_3.srcs/sources_1/new/m8_1.v:23]
INFO: [Synth 8-6155] done synthesizing module 'm8_1' (27#1) [D:/lab_5/lab_5.srcs/sources_1/imports/Desktop/lab_4/lab_4.srcs/sources_1/imports/Lab_3/Lab_3.srcs/sources_1/new/m8_1.v:23]
INFO: [Synth 8-6155] done synthesizing module 'hex7seg' (28#1) [D:/lab_5/lab_5.srcs/sources_1/imports/lab_4/lab_4.srcs/sources_1/imports/Lab_3/Lab_3.srcs/sources_1/new/hex7seg.v:23]
INFO: [Synth 8-6155] done synthesizing module 'top_level' (29#1) [D:/lab_5/lab_5.srcs/sources_1/new/top_level.v:23]
WARNING: [Synth 8-3917] design top_level has port dp driven by constant 1
WARNING: [Synth 8-3331] design ring_counter has unconnected port reset
WARNING: [Synth 8-3331] design state_machine has unconnected port lb[7]
WARNING: [Synth 8-3331] design state_machine has unconnected port lb[6]
WARNING: [Synth 8-3331] design state_machine has unconnected port rb[7]
WARNING: [Synth 8-3331] design state_machine has unconnected port rb[6]
---------------------------------------------------------------------------------
Finished RTL Elaboration : Time (s): cpu = 00:00:04 ; elapsed = 00:00:05 . Memory (MB): peak = 1307.781 ; gain = 217.559
---------------------------------------------------------------------------------

Report Check Netlist: 
+------+------------------+-------+---------+-------+------------------+
|      |Item              |Errors |Warnings |Status |Description       |
+------+------------------+-------+---------+-------+------------------+
|1     |multi_driven_nets |      0|        0|Passed |Multi driven nets |
+------+------------------+-------+---------+-------+------------------+
---------------------------------------------------------------------------------
Start Handling Custom Attributes
---------------------------------------------------------------------------------
---------------------------------------------------------------------------------
Finished Handling Custom Attributes : Time (s): cpu = 00:00:04 ; elapsed = 00:00:05 . Memory (MB): peak = 1307.781 ; gain = 217.559
---------------------------------------------------------------------------------
---------------------------------------------------------------------------------
Finished RTL Optimization Phase 1 : Time (s): cpu = 00:00:04 ; elapsed = 00:00:05 . Memory (MB): peak = 1307.781 ; gain = 217.559
---------------------------------------------------------------------------------
INFO: [Netlist 29-17] Analyzing 54 Unisim elements for replacement
INFO: [Netlist 29-28] Unisim Transformation completed in 0 CPU seconds
INFO: [Project 1-570] Preparing netlist for logic optimization
INFO: [Opt 31-140] Inserted 3 IBUFs to IO ports without IO buffers.
INFO: [Opt 31-141] Inserted 17 OBUFs to IO ports without IO buffers.

Processing XDC Constraints
Initializing timing engine
Parsing XDC File [D:/lab_5/lab_5.srcs/constrs_1/imports/Basys3_Master.xdc]
Finished Parsing XDC File [D:/lab_5/lab_5.srcs/constrs_1/imports/Basys3_Master.xdc]
Completed Processing XDC Constraints

INFO: [Opt 31-138] Pushed 0 inverter(s) to 0 load pin(s).
Netlist sorting complete. Time (s): cpu = 00:00:00 ; elapsed = 00:00:00.001 . Memory (MB): peak = 1433.234 ; gain = 0.000
INFO: [Project 1-111] Unisim Transformation Summary:
  A total of 52 instances were transformed.
  AND2 => LUT2: 12 instances
  AND3 => LUT3: 7 instances
  AND4 => LUT4: 6 instances
  BUF => LUT1: 3 instances
  XOR2 => LUT2: 24 instances

RTL Elaboration Complete:  : Time (s): cpu = 00:00:11 ; elapsed = 00:00:12 . Memory (MB): peak = 1459.754 ; gain = 369.531
68 Infos, 10 Warnings, 0 Critical Warnings and 0 Errors encountered.
synth_design completed successfully
synth_design: Time (s): cpu = 00:00:15 ; elapsed = 00:00:19 . Memory (MB): peak = 1459.754 ; gain = 422.641
exit
INFO: [Common 17-206] Exiting Vivado at Thu Nov 11 14:46:49 2021...
