#-----------------------------------------------------------
# Vivado v2019.1 (64-bit)
# SW Build 2552052 on Fri May 24 14:49:42 MDT 2019
# IP Build 2548770 on Fri May 24 18:01:18 MDT 2019
# Start of session at: Mon Nov  1 17:07:56 2021
# Process ID: 6480
# Current directory: D:/lab_5
# Command line: vivado.exe -gui_launcher_event rodinguilauncherevent9328 D:\lab_5\lab_5.xpr
# Log file: D:/lab_5/vivado.log
# Journal file: D:/lab_5\vivado.jou
#-----------------------------------------------------------
start_gui
open_project D:/lab_5/lab_5.xpr
Scanning sources...
Finished scanning sources
INFO: [IP_Flow 19-234] Refreshing IP repositories
INFO: [IP_Flow 19-1704] No user IP repositories specified
INFO: [IP_Flow 19-2313] Loaded Vivado IP repository 'D:/Xilinx/Vivado/2019.1/data/ip'.
open_project: Time (s): cpu = 00:00:10 ; elapsed = 00:00:15 . Memory (MB): peak = 705.379 ; gain = 99.652
update_compile_order -fileset sources_1
